<?xml version="1.0" encoding="UTF-8"?>
<testsuite xmlns:xsi="http://www.w3.org/2001/XMLSchema-instance" xsi:noNamespaceSchemaLocation="https://maven.apache.org/surefire/maven-surefire-plugin/xsd/surefire-test-report-3.0.xsd" version="3.0" name="io.ioteca.alert.service.AlertEvaluatorTest" time="5.695" tests="15" errors="0" skipped="0" failures="0">
  <properties>
[...]
</properties>
  <testcase name="suppressionWindow_allowsFiringAfterWindowExpires" classname="io.ioteca.alert.service.AlertEvaluatorTest" time="5.083">
    <system-out><![CDATA[23:55:06.962 [main] INFO io.ioteca.alert.service.AlertEvaluator -- Alert fired: rule=a293cac1-5632-4752-b439-72ce096f8aac project=95f79dde-36e8-4d7b-b1f3-edb0dd8055b6 device=sensor_01 metric=temperature value=30.0
]]></system-out>
  </testcase>
  <testcase name="eq_doesNotFireOnMismatch" classname="io.ioteca.alert.service.AlertEvaluatorTest" time="0.027"/>
  <testcase name="gt_doesNotFireWhenValueBelowThreshold" classname="io.ioteca.alert.service.AlertEvaluatorTest" time="0.018"/>
  <testcase name="suppressionWindow_preventsRepeatFiring" classname="io.ioteca.alert.service.AlertEvaluatorTest" time="0.03"/>
  <testcase name="nullThreshold_doesNotFire" classname="io.ioteca.alert.service.AlertEvaluatorTest" time="0.039"/>
  <testcase name="fireAlert_stampsLastFiredAt" classname="io.ioteca.alert.service.AlertEvaluatorTest" time="0.189">
    <system-out><![CDATA[23:55:07.195 [main] INFO io.ioteca.alert.service.AlertEvaluator -- Alert fired: rule=ad2228d7-b97b-408b-a58c-f22ccfb0fb80 project=69e6009f-bb35-4531-b7b8-96c6c7e861f1 device=sensor_01 metric=temperature value=30.0
]]></system-out>
  </testcase>
  <testcase name="gte_firesWhenValueEqualsThreshold" classname="io.ioteca.alert.service.AlertEvaluatorTest" time="0.015">
    <system-out><![CDATA[23:55:07.382 [main] INFO io.ioteca.alert.service.AlertEvaluator -- Alert fired: rule=dffd8fbd-39a4-4143-94e4-8d4d11592c6b project=c099142d-66e8-4c7f-8803-553d66dec63a device=sensor_01 metric=temperature value=30.0
]]></system-out>
  </testcase>
  <testcase name="suppressionWindow_nullLastFiredAt_alwaysAllows" classname="io.ioteca.alert.service.AlertEvaluatorTest" time="0.018">
    <system-out><![CDATA[23:55:07.400 [main] INFO io.ioteca.alert.service.AlertEvaluator -- Alert fired: rule=3c218fc8-4a55-4827-a5aa-1714175e353e project=7ba5afe0-d49d-4601-a7d2-843614d238fa device=sensor_01 metric=temperature value=30.0
]]></system-out>
  </testcase>
  <testcase name="nonNumericMetricValue_isSkipped" classname="io.ioteca.alert.service.AlertEvaluatorTest" time="0.007"/>
  <testcase name="unknownCondition_doesNotFire" classname="io.ioteca.alert.service.AlertEvaluatorTest" time="0.015"/>
  <testcase name="gt_firesWhenValueAboveThreshold" classname="io.ioteca.alert.service.AlertEvaluatorTest" time="0.014">
    <system-out><![CDATA[23:55:07.448 [main] INFO io.ioteca.alert.service.AlertEvaluator -- Alert fired: rule=ff67648a-9010-4961-b4c7-673f10bf0882 project=9a3a4f71-a0da-4ffb-8eca-158757db137c device=sensor_01 metric=temperature value=30.0
]]></system-out>
  </testcase>
  <testcase name="eq_firesOnExactMatch" classname="io.ioteca.alert.service.AlertEvaluatorTest" time="0.012">
    <system-out><![CDATA[23:55:07.460 [main] INFO io.ioteca.alert.service.AlertEvaluator -- Alert fired: rule=9d36942a-a22c-4ce8-b122-b9b529a9e03e project=ec799d52-71db-4163-a925-63f62348a68d device=sensor_01 metric=temperature value=30.0
]]></system-out>
  </testcase>
  <testcase name="lt_firesWhenValueBelowThreshold" classname="io.ioteca.alert.service.AlertEvaluatorTest" time="0.015">
    <system-out><![CDATA[23:55:07.480 [main] INFO io.ioteca.alert.service.AlertEvaluator -- Alert fired: rule=e13dbea7-df4f-4be5-83aa-3190b06e251d project=974cce2c-4748-4cfc-ac4f-e4ecf5a7e311 device=sensor_01 metric=temperature value=30.0
]]></system-out>
  </testcase>
  <testcase name="nullMetrics_returnsImmediately" classname="io.ioteca.alert.service.AlertEvaluatorTest" time="0.012"/>
  <testcase name="lte_firesWhenValueEqualsThreshold" classname="io.ioteca.alert.service.AlertEvaluatorTest" time="0.013">
    <system-out><![CDATA[23:55:07.513 [main] INFO io.ioteca.alert.service.AlertEvaluator -- Alert fired: rule=2635c397-1d21-43e6-98d4-c03d0ef5d169 project=12fa6efe-9134-4b10-9421-1cc0f78c07fc device=sensor_01 metric=temperature value=30.0
]]></system-out>
  </testcase>
</testsuite>