<?xml version="1.0" encoding="UTF-8"?>
<testsuite xmlns:xsi="http://www.w3.org/2001/XMLSchema-instance" xsi:noNamespaceSchemaLocation="https://maven.apache.org/surefire/maven-failsafe-plugin/xsd/failsafe-test-report-3.0.xsd" version="3.0" name="io.ioteca.ingestion.IngestionServiceIT" time="37.828" tests="4" errors="0" skipped="0" failures="0">
  <properties>
[...]
</properties>
  <testcase name="sameDevice_secondMessage_doesNotDuplicateDeviceRecord" classname="io.ioteca.ingestion.IngestionServiceIT" time="6.287">
    <system-out><![CDATA[23:35:58.982 [main] INFO org.springframework.boot.test.context.SpringBootTestContextBootstrapper -- Found @SpringBootConfiguration io.ioteca.ingestion.IngestionServiceApplication for test class io.ioteca.ingestion.IngestionServiceIT

  .   ____          _            __ _ _
 /\\ / ___'_ __ _ _(_)_ __  __ _ \ \ \ \
( ( )\___ | '_ | '_| | '_ \/ _` | \ \ \ \
 \\/  ___)| |_)| | | | | || (_| |  ) ) ) )
  '  |____| .__|_| |_|_| |_\__, | / / / /
 =========|_|==============|___/=/_/_/_/
 :: Spring Boot ::                (v3.2.5)

2026-05-14T23:36:00.851+03:00  INFO 16084 --- [ingestion-service] [           main] io.ioteca.ingestion.IngestionServiceIT   : Starting IngestionServiceIT using Java 23.0.1 with PID 16084 (started by obwat in E:\Work\iot-system\services\ingestion-service)
2026-05-14T23:36:00.853+03:00 DEBUG 16084 --- [ingestion-service] [           main] io.ioteca.ingestion.IngestionServiceIT   : Running with Spring Boot v3.2.5, Spring v6.1.6
2026-05-14T23:36:00.855+03:00  INFO 16084 --- [ingestion-service] [           main] io.ioteca.ingestion.IngestionServiceIT   : The following 1 profile is active: "test"
2026-05-14T23:36:03.536+03:00  INFO 16084 --- [ingestion-service] [           main] .s.d.r.c.RepositoryConfigurationDelegate : Bootstrapping Spring Data JPA repositories in DEFAULT mode.
2026-05-14T23:36:03.659+03:00  INFO 16084 --- [ingestion-service] [           main] .s.d.r.c.RepositoryConfigurationDelegate : Finished Spring Data repository scanning in 105 ms. Found 2 JPA repository interfaces.
2026-05-14T23:36:05.531+03:00  INFO 16084 --- [ingestion-service] [           main] com.zaxxer.hikari.HikariDataSource       : HikariPool-1 - Starting...
2026-05-14T23:36:06.174+03:00  INFO 16084 --- [ingestion-service] [           main] com.zaxxer.hikari.pool.HikariPool        : HikariPool-1 - Added connection org.postgresql.jdbc.PgConnection@53d30d23
2026-05-14T23:36:06.179+03:00  INFO 16084 --- [ingestion-service] [           main] com.zaxxer.hikari.HikariDataSource       : HikariPool-1 - Start completed.
2026-05-14T23:36:07.602+03:00  INFO 16084 --- [ingestion-service] [           main] o.s.o.j.p.SpringPersistenceUnitInfo      : No LoadTimeWeaver setup: ignoring JPA class transformer
Hibernate: drop table if exists platform.devices cascade
2026-05-14T23:36:10.993+03:00  WARN 16084 --- [ingestion-service] [           main] o.h.engine.jdbc.spi.SqlExceptionHelper   : SQL Warning Code: 0, SQLState: 00000
2026-05-14T23:36:10.993+03:00  WARN 16084 --- [ingestion-service] [           main] o.h.engine.jdbc.spi.SqlExceptionHelper   : table "devices" does not exist, skipping
Hibernate: drop table if exists tsdata.sensor_data cascade
2026-05-14T23:36:10.995+03:00  WARN 16084 --- [ingestion-service] [           main] o.h.engine.jdbc.spi.SqlExceptionHelper   : SQL Warning Code: 0, SQLState: 00000
2026-05-14T23:36:10.996+03:00  WARN 16084 --- [ingestion-service] [           main] o.h.engine.jdbc.spi.SqlExceptionHelper   : table "sensor_data" does not exist, skipping
Hibernate: create table platform.devices (is_active boolean not null, latitude float(53), longitude float(53), created_at timestamp(6) with time zone, first_seen_at timestamp(6) with time zone not null, last_seen_at timestamp(6) with time zone, updated_at timestamp(6) with time zone, id uuid not null, project_id uuid not null, device_id varchar(255) not null, firmware_version varchar(255), hardware_type varchar(255), location_label varchar(255), name varchar(255), tags text, primary key (id))
Hibernate: create table tsdata.sensor_data (value float(53), ingested_at timestamp(6) with time zone not null, time timestamp(6) with time zone not null, project_id uuid not null, device_id varchar(255) not null, metric varchar(255) not null, tags text, value_str varchar(255), primary key (time, project_id, device_id, metric))
2026-05-14T23:36:11.101+03:00  INFO 16084 --- [ingestion-service] [           main] j.LocalContainerEntityManagerFactoryBean : Initialized JPA EntityManagerFactory for persistence unit 'default'
2026-05-14T23:36:12.413+03:00  INFO 16084 --- [ingestion-service] [           main] o.s.d.j.r.query.QueryEnhancerFactory     : Hibernate is in classpath; If applicable, HQL parser will be used.
2026-05-14T23:36:18.186+03:00  INFO 16084 --- [ingestion-service] [           main] o.a.k.clients.admin.AdminClientConfig    : AdminClientConfig values: 
	auto.include.jmx.reporter = true
	bootstrap.servers = [localhost:19092]
	client.dns.lookup = use_all_dns_ips
	client.id = 
	connections.max.idle.ms = 300000
	default.api.timeout.ms = 60000
	metadata.max.age.ms = 300000
	metric.reporters = []
	metrics.num.samples = 2
	metrics.recording.level = INFO
	metrics.sample.window.ms = 30000
	receive.buffer.bytes = 65536
	reconnect.backoff.max.ms = 1000
	reconnect.backoff.ms = 50
	request.timeout.ms = 30000
	retries = 2147483647
	retry.backoff.ms = 100
	sasl.client.callback.handler.class = null
	sasl.jaas.config = null
	sasl.kerberos.kinit.cmd = /usr/bin/kinit
	sasl.kerberos.min.time.before.relogin = 60000
	sasl.kerberos.service.name = null
	sasl.kerberos.ticket.renew.jitter = 0.05
	sasl.kerberos.ticket.renew.window.factor = 0.8
	sasl.login.callback.handler.class = null
	sasl.login.class = null
	sasl.login.connect.timeout.ms = null
	sasl.login.read.timeout.ms = null
	sasl.login.refresh.buffer.seconds = 300
	sasl.login.refresh.min.period.seconds = 60
	sasl.login.refresh.window.factor = 0.8
	sasl.login.refresh.window.jitter = 0.05
	sasl.login.retry.backoff.max.ms = 10000
	sasl.login.retry.backoff.ms = 100
	sasl.mechanism = GSSAPI
	sasl.oauthbearer.clock.skew.seconds = 30
	sasl.oauthbearer.expected.audience = null
	sasl.oauthbearer.expected.issuer = null
	sasl.oauthbearer.jwks.endpoint.refresh.ms = 3600000
	sasl.oauthbearer.jwks.endpoint.retry.backoff.max.ms = 10000
	sasl.oauthbearer.jwks.endpoint.retry.backoff.ms = 100
	sasl.oauthbearer.jwks.endpoint.url = null
	sasl.oauthbearer.scope.claim.name = scope
	sasl.oauthbearer.sub.claim.name = sub
	sasl.oauthbearer.token.endpoint.url = null
	security.protocol = PLAINTEXT
	security.providers = null
	send.buffer.bytes = 131072
	socket.connection.setup.timeout.max.ms = 30000
	socket.connection.setup.timeout.ms = 10000
	ssl.cipher.suites = null
	ssl.enabled.protocols = [TLSv1.2, TLSv1.3]
	ssl.endpoint.identification.algorithm = https
	ssl.engine.factory.class = null
	ssl.key.password = null
	ssl.keymanager.algorithm = SunX509
	ssl.keystore.certificate.chain = null
	ssl.keystore.key = null
	ssl.keystore.location = null
	ssl.keystore.password = null
	ssl.keystore.type = JKS
	ssl.protocol = TLSv1.3
	ssl.provider = null
	ssl.secure.random.implementation = null
	ssl.trustmanager.algorithm = PKIX
	ssl.truststore.certificates = null
	ssl.truststore.location = null
	ssl.truststore.password = null
	ssl.truststore.type = JKS

2026-05-14T23:36:18.975+03:00  INFO 16084 --- [ingestion-service] [           main] o.a.kafka.common.utils.AppInfoParser     : Kafka version: 3.6.2
2026-05-14T23:36:18.976+03:00  INFO 16084 --- [ingestion-service] [           main] o.a.kafka.common.utils.AppInfoParser     : Kafka commitId: c4deed513057c94e
2026-05-14T23:36:18.976+03:00  INFO 16084 --- [ingestion-service] [           main] o.a.kafka.common.utils.AppInfoParser     : Kafka startTimeMs: 1778790978971
2026-05-14T23:36:19.981+03:00  INFO 16084 --- [ingestion-service] [| adminclient-1] o.a.kafka.common.utils.AppInfoParser     : App info kafka.admin.client for adminclient-1 unregistered
2026-05-14T23:36:19.990+03:00  INFO 16084 --- [ingestion-service] [| adminclient-1] o.apache.kafka.common.metrics.Metrics    : Metrics scheduler closed
2026-05-14T23:36:19.991+03:00  INFO 16084 --- [ingestion-service] [| adminclient-1] o.apache.kafka.common.metrics.Metrics    : Closing reporter org.apache.kafka.common.metrics.JmxReporter
2026-05-14T23:36:19.991+03:00  INFO 16084 --- [ingestion-service] [| adminclient-1] o.apache.kafka.common.metrics.Metrics    : Metrics reporters closed
2026-05-14T23:36:20.045+03:00  INFO 16084 --- [ingestion-service] [           main] o.a.k.clients.consumer.ConsumerConfig    : ConsumerConfig values: 
	allow.auto.create.topics = true
	auto.commit.interval.ms = 5000
	auto.include.jmx.reporter = true
	auto.offset.reset = latest
	bootstrap.servers = [localhost:19092]
	check.crcs = true
	client.dns.lookup = use_all_dns_ips
	client.id = consumer-ingestion-it-group-1
	client.rack = 
	connections.max.idle.ms = 540000
	default.api.timeout.ms = 60000
	enable.auto.commit = false
	exclude.internal.topics = true
	fetch.max.bytes = 52428800
	fetch.max.wait.ms = 500
	fetch.min.bytes = 1
	group.id = ingestion-it-group
	group.instance.id = null
	heartbeat.interval.ms = 3000
	interceptor.classes = []
	internal.leave.group.on.close = true
	internal.throw.on.fetch.stable.offset.unsupported = false
	isolation.level = read_uncommitted
	key.deserializer = class org.apache.kafka.common.serialization.StringDeserializer
	max.partition.fetch.bytes = 1048576
	max.poll.interval.ms = 300000
	max.poll.records = 500
	metadata.max.age.ms = 300000
	metric.reporters = []
	metrics.num.samples = 2
	metrics.recording.level = INFO
	metrics.sample.window.ms = 30000
	partition.assignment.strategy = [class org.apache.kafka.clients.consumer.RangeAssignor, class org.apache.kafka.clients.consumer.CooperativeStickyAssignor]
	receive.buffer.bytes = 65536
	reconnect.backoff.max.ms = 1000
	reconnect.backoff.ms = 50
	request.timeout.ms = 30000
	retry.backoff.ms = 100
	sasl.client.callback.handler.class = null
	sasl.jaas.config = null
	sasl.kerberos.kinit.cmd = /usr/bin/kinit
	sasl.kerberos.min.time.before.relogin = 60000
	sasl.kerberos.service.name = null
	sasl.kerberos.ticket.renew.jitter = 0.05
	sasl.kerberos.ticket.renew.window.factor = 0.8
	sasl.login.callback.handler.class = null
	sasl.login.class = null
	sasl.login.connect.timeout.ms = null
	sasl.login.read.timeout.ms = null
	sasl.login.refresh.buffer.seconds = 300
	sasl.login.refresh.min.period.seconds = 60
	sasl.login.refresh.window.factor = 0.8
	sasl.login.refresh.window.jitter = 0.05
	sasl.login.retry.backoff.max.ms = 10000
	sasl.login.retry.backoff.ms = 100
	sasl.mechanism = GSSAPI
	sasl.oauthbearer.clock.skew.seconds = 30
	sasl.oauthbearer.expected.audience = null
	sasl.oauthbearer.expected.issuer = null
	sasl.oauthbearer.jwks.endpoint.refresh.ms = 3600000
	sasl.oauthbearer.jwks.endpoint.retry.backoff.max.ms = 10000
	sasl.oauthbearer.jwks.endpoint.retry.backoff.ms = 100
	sasl.oauthbearer.jwks.endpoint.url = null
	sasl.oauthbearer.scope.claim.name = scope
	sasl.oauthbearer.sub.claim.name = sub
	sasl.oauthbearer.token.endpoint.url = null
	security.protocol = PLAINTEXT
	security.providers = null
	send.buffer.bytes = 131072
	session.timeout.ms = 45000
	socket.connection.setup.timeout.max.ms = 30000
	socket.connection.setup.timeout.ms = 10000
	ssl.cipher.suites = null
	ssl.enabled.protocols = [TLSv1.2, TLSv1.3]
	ssl.endpoint.identification.algorithm = https
	ssl.engine.factory.class = null
	ssl.key.password = null
	ssl.keymanager.algorithm = SunX509
	ssl.keystore.certificate.chain = null
	ssl.keystore.key = null
	ssl.keystore.location = null
	ssl.keystore.password = null
	ssl.keystore.type = JKS
	ssl.protocol = TLSv1.3
	ssl.provider = null
	ssl.secure.random.implementation = null
	ssl.trustmanager.algorithm = PKIX
	ssl.truststore.certificates = null
	ssl.truststore.location = null
	ssl.truststore.password = null
	ssl.truststore.type = JKS
	value.deserializer = class org.apache.kafka.common.serialization.StringDeserializer

2026-05-14T23:36:20.114+03:00  INFO 16084 --- [ingestion-service] [           main] o.a.kafka.common.utils.AppInfoParser     : Kafka version: 3.6.2
2026-05-14T23:36:20.114+03:00  INFO 16084 --- [ingestion-service] [           main] o.a.kafka.common.utils.AppInfoParser     : Kafka commitId: c4deed513057c94e
2026-05-14T23:36:20.114+03:00  INFO 16084 --- [ingestion-service] [           main] o.a.kafka.common.utils.AppInfoParser     : Kafka startTimeMs: 1778790980114
2026-05-14T23:36:20.148+03:00  INFO 16084 --- [ingestion-service] [           main] o.a.k.clients.consumer.ConsumerConfig    : ConsumerConfig values: 
	allow.auto.create.topics = true
	auto.commit.interval.ms = 5000
	auto.include.jmx.reporter = true
	auto.offset.reset = latest
	bootstrap.servers = [localhost:19092]
	check.crcs = true
	client.dns.lookup = use_all_dns_ips
	client.id = consumer-ingestion-it-group-2
	client.rack = 
	connections.max.idle.ms = 540000
	default.api.timeout.ms = 60000
	enable.auto.commit = false
	exclude.internal.topics = true
	fetch.max.bytes = 52428800
	fetch.max.wait.ms = 500
	fetch.min.bytes = 1
	group.id = ingestion-it-group
	group.instance.id = null
	heartbeat.interval.ms = 3000
	interceptor.classes = []
	internal.leave.group.on.close = true
	internal.throw.on.fetch.stable.offset.unsupported = false
	isolation.level = read_uncommitted
	key.deserializer = class org.apache.kafka.common.serialization.StringDeserializer
	max.partition.fetch.bytes = 1048576
	max.poll.interval.ms = 300000
	max.poll.records = 500
	metadata.max.age.ms = 300000
	metric.reporters = []
	metrics.num.samples = 2
	metrics.recording.level = INFO
	metrics.sample.window.ms = 30000
	partition.assignment.strategy = [class org.apache.kafka.clients.consumer.RangeAssignor, class org.apache.kafka.clients.consumer.CooperativeStickyAssignor]
	receive.buffer.bytes = 65536
	reconnect.backoff.max.ms = 1000
	reconnect.backoff.ms = 50
	request.timeout.ms = 30000
	retry.backoff.ms = 100
	sasl.client.callback.handler.class = null
	sasl.jaas.config = null
	sasl.kerberos.kinit.cmd = /usr/bin/kinit
	sasl.kerberos.min.time.before.relogin = 60000
	sasl.kerberos.service.name = null
	sasl.kerberos.ticket.renew.jitter = 0.05
	sasl.kerberos.ticket.renew.window.factor = 0.8
	sasl.login.callback.handler.class = null
	sasl.login.class = null
	sasl.login.connect.timeout.ms = null
	sasl.login.read.timeout.ms = null
	sasl.login.refresh.buffer.seconds = 300
	sasl.login.refresh.min.period.seconds = 60
	sasl.login.refresh.window.factor = 0.8
	sasl.login.refresh.window.jitter = 0.05
	sasl.login.retry.backoff.max.ms = 10000
	sasl.login.retry.backoff.ms = 100
	sasl.mechanism = GSSAPI
	sasl.oauthbearer.clock.skew.seconds = 30
	sasl.oauthbearer.expected.audience = null
	sasl.oauthbearer.expected.issuer = null
	sasl.oauthbearer.jwks.endpoint.refresh.ms = 3600000
	sasl.oauthbearer.jwks.endpoint.retry.backoff.max.ms = 10000
	sasl.oauthbearer.jwks.endpoint.retry.backoff.ms = 100
	sasl.oauthbearer.jwks.endpoint.url = null
	sasl.oauthbearer.scope.claim.name = scope
	sasl.oauthbearer.sub.claim.name = sub
	sasl.oauthbearer.token.endpoint.url = null
	security.protocol = PLAINTEXT
	security.providers = null
	send.buffer.bytes = 131072
	session.timeout.ms = 45000
	socket.connection.setup.timeout.max.ms = 30000
	socket.connection.setup.timeout.ms = 10000
	ssl.cipher.suites = null
	ssl.enabled.protocols = [TLSv1.2, TLSv1.3]
	ssl.endpoint.identification.algorithm = https
	ssl.engine.factory.class = null
	ssl.key.password = null
	ssl.keymanager.algorithm = SunX509
	ssl.keystore.certificate.chain = null
	ssl.keystore.key = null
	ssl.keystore.location = null
	ssl.keystore.password = null
	ssl.keystore.type = JKS
	ssl.protocol = TLSv1.3
	ssl.provider = null
	ssl.secure.random.implementation = null
	ssl.trustmanager.algorithm = PKIX
	ssl.truststore.certificates = null
	ssl.truststore.location = null
	ssl.truststore.password = null
	ssl.truststore.type = JKS
	value.deserializer = class org.apache.kafka.common.serialization.StringDeserializer

2026-05-14T23:36:20.175+03:00  INFO 16084 --- [ingestion-service] [           main] o.a.kafka.common.utils.AppInfoParser     : Kafka version: 3.6.2
2026-05-14T23:36:20.176+03:00  INFO 16084 --- [ingestion-service] [           main] o.a.kafka.common.utils.AppInfoParser     : Kafka commitId: c4deed513057c94e
2026-05-14T23:36:20.177+03:00  INFO 16084 --- [ingestion-service] [           main] o.a.kafka.common.utils.AppInfoParser     : Kafka startTimeMs: 1778790980175
2026-05-14T23:36:20.202+03:00  INFO 16084 --- [ingestion-service] [           main] o.a.k.clients.consumer.ConsumerConfig    : ConsumerConfig values: 
	allow.auto.create.topics = true
	auto.commit.interval.ms = 5000
	auto.include.jmx.reporter = true
	auto.offset.reset = latest
	bootstrap.servers = [localhost:19092]
	check.crcs = true
	client.dns.lookup = use_all_dns_ips
	client.id = consumer-ingestion-it-group-3
	client.rack = 
	connections.max.idle.ms = 540000
	default.api.timeout.ms = 60000
	enable.auto.commit = false
	exclude.internal.topics = true
	fetch.max.bytes = 52428800
	fetch.max.wait.ms = 500
	fetch.min.bytes = 1
	group.id = ingestion-it-group
	group.instance.id = null
	heartbeat.interval.ms = 3000
	interceptor.classes = []
	internal.leave.group.on.close = true
	internal.throw.on.fetch.stable.offset.unsupported = false
	isolation.level = read_uncommitted
	key.deserializer = class org.apache.kafka.common.serialization.StringDeserializer
	max.partition.fetch.bytes = 1048576
	max.poll.interval.ms = 300000
	max.poll.records = 500
	metadata.max.age.ms = 300000
	metric.reporters = []
	metrics.num.samples = 2
	metrics.recording.level = INFO
	metrics.sample.window.ms = 30000
	partition.assignment.strategy = [class org.apache.kafka.clients.consumer.RangeAssignor, class org.apache.kafka.clients.consumer.CooperativeStickyAssignor]
	receive.buffer.bytes = 65536
	reconnect.backoff.max.ms = 1000
	reconnect.backoff.ms = 50
	request.timeout.ms = 30000
	retry.backoff.ms = 100
	sasl.client.callback.handler.class = null
	sasl.jaas.config = null
	sasl.kerberos.kinit.cmd = /usr/bin/kinit
	sasl.kerberos.min.time.before.relogin = 60000
	sasl.kerberos.service.name = null
	sasl.kerberos.ticket.renew.jitter = 0.05
	sasl.kerberos.ticket.renew.window.factor = 0.8
	sasl.login.callback.handler.class = null
	sasl.login.class = null
	sasl.login.connect.timeout.ms = null
	sasl.login.read.timeout.ms = null
	sasl.login.refresh.buffer.seconds = 300
	sasl.login.refresh.min.period.seconds = 60
	sasl.login.refresh.window.factor = 0.8
	sasl.login.refresh.window.jitter = 0.05
	sasl.login.retry.backoff.max.ms = 10000
	sasl.login.retry.backoff.ms = 100
	sasl.mechanism = GSSAPI
	sasl.oauthbearer.clock.skew.seconds = 30
	sasl.oauthbearer.expected.audience = null
	sasl.oauthbearer.expected.issuer = null
	sasl.oauthbearer.jwks.endpoint.refresh.ms = 3600000
	sasl.oauthbearer.jwks.endpoint.retry.backoff.max.ms = 10000
	sasl.oauthbearer.jwks.endpoint.retry.backoff.ms = 100
	sasl.oauthbearer.jwks.endpoint.url = null
	sasl.oauthbearer.scope.claim.name = scope
	sasl.oauthbearer.sub.claim.name = sub
	sasl.oauthbearer.token.endpoint.url = null
	security.protocol = PLAINTEXT
	security.providers = null
	send.buffer.bytes = 131072
	session.timeout.ms = 45000
	socket.connection.setup.timeout.max.ms = 30000
	socket.connection.setup.timeout.ms = 10000
	ssl.cipher.suites = null
	ssl.enabled.protocols = [TLSv1.2, TLSv1.3]
	ssl.endpoint.identification.algorithm = https
	ssl.engine.factory.class = null
	ssl.key.password = null
	ssl.keymanager.algorithm = SunX509
	ssl.keystore.certificate.chain = null
	ssl.keystore.key = null
	ssl.keystore.location = null
	ssl.keystore.password = null
	ssl.keystore.type = JKS
	ssl.protocol = TLSv1.3
	ssl.provider = null
	ssl.secure.random.implementation = null
	ssl.trustmanager.algorithm = PKIX
	ssl.truststore.certificates = null
	ssl.truststore.location = null
	ssl.truststore.password = null
	ssl.truststore.type = JKS
	value.deserializer = class org.apache.kafka.common.serialization.StringDeserializer

2026-05-14T23:36:20.202+03:00  INFO 16084 --- [ingestion-service] [ntainer#0-0-C-1] org.apache.kafka.clients.Metadata        : [Consumer clientId=consumer-ingestion-it-group-1, groupId=ingestion-it-group] Cluster ID: MkU3OEVBNTcwNTJENDM2Qk
2026-05-14T23:36:20.221+03:00  INFO 16084 --- [ingestion-service] [           main] o.a.kafka.common.utils.AppInfoParser     : Kafka version: 3.6.2
2026-05-14T23:36:20.223+03:00  INFO 16084 --- [ingestion-service] [           main] o.a.kafka.common.utils.AppInfoParser     : Kafka commitId: c4deed513057c94e
2026-05-14T23:36:20.228+03:00  INFO 16084 --- [ingestion-service] [           main] o.a.kafka.common.utils.AppInfoParser     : Kafka startTimeMs: 1778790980221
2026-05-14T23:36:20.231+03:00  INFO 16084 --- [ingestion-service] [ntainer#0-1-C-1] org.apache.kafka.clients.Metadata        : [Consumer clientId=consumer-ingestion-it-group-2, groupId=ingestion-it-group] Cluster ID: MkU3OEVBNTcwNTJENDM2Qk
2026-05-14T23:36:20.247+03:00  INFO 16084 --- [ingestion-service] [           main] o.a.k.clients.consumer.ConsumerConfig    : ConsumerConfig values: 
	allow.auto.create.topics = true
	auto.commit.interval.ms = 5000
	auto.include.jmx.reporter = true
	auto.offset.reset = latest
	bootstrap.servers = [localhost:19092]
	check.crcs = true
	client.dns.lookup = use_all_dns_ips
	client.id = consumer-ingestion-it-capture-4
	client.rack = 
	connections.max.idle.ms = 540000
	default.api.timeout.ms = 60000
	enable.auto.commit = false
	exclude.internal.topics = true
	fetch.max.bytes = 52428800
	fetch.max.wait.ms = 500
	fetch.min.bytes = 1
	group.id = ingestion-it-capture
	group.instance.id = null
	heartbeat.interval.ms = 3000
	interceptor.classes = []
	internal.leave.group.on.close = true
	internal.throw.on.fetch.stable.offset.unsupported = false
	isolation.level = read_uncommitted
	key.deserializer = class org.apache.kafka.common.serialization.StringDeserializer
	max.partition.fetch.bytes = 1048576
	max.poll.interval.ms = 300000
	max.poll.records = 500
	metadata.max.age.ms = 300000
	metric.reporters = []
	metrics.num.samples = 2
	metrics.recording.level = INFO
	metrics.sample.window.ms = 30000
	partition.assignment.strategy = [class org.apache.kafka.clients.consumer.RangeAssignor, class org.apache.kafka.clients.consumer.CooperativeStickyAssignor]
	receive.buffer.bytes = 65536
	reconnect.backoff.max.ms = 1000
	reconnect.backoff.ms = 50
	request.timeout.ms = 30000
	retry.backoff.ms = 100
	sasl.client.callback.handler.class = null
	sasl.jaas.config = null
	sasl.kerberos.kinit.cmd = /usr/bin/kinit
	sasl.kerberos.min.time.before.relogin = 60000
	sasl.kerberos.service.name = null
	sasl.kerberos.ticket.renew.jitter = 0.05
	sasl.kerberos.ticket.renew.window.factor = 0.8
	sasl.login.callback.handler.class = null
	sasl.login.class = null
	sasl.login.connect.timeout.ms = null
	sasl.login.read.timeout.ms = null
	sasl.login.refresh.buffer.seconds = 300
	sasl.login.refresh.min.period.seconds = 60
	sasl.login.refresh.window.factor = 0.8
	sasl.login.refresh.window.jitter = 0.05
	sasl.login.retry.backoff.max.ms = 10000
	sasl.login.retry.backoff.ms = 100
	sasl.mechanism = GSSAPI
	sasl.oauthbearer.clock.skew.seconds = 30
	sasl.oauthbearer.expected.audience = null
	sasl.oauthbearer.expected.issuer = null
	sasl.oauthbearer.jwks.endpoint.refresh.ms = 3600000
	sasl.oauthbearer.jwks.endpoint.retry.backoff.max.ms = 10000
	sasl.oauthbearer.jwks.endpoint.retry.backoff.ms = 100
	sasl.oauthbearer.jwks.endpoint.url = null
	sasl.oauthbearer.scope.claim.name = scope
	sasl.oauthbearer.sub.claim.name = sub
	sasl.oauthbearer.token.endpoint.url = null
	security.protocol = PLAINTEXT
	security.providers = null
	send.buffer.bytes = 131072
	session.timeout.ms = 45000
	socket.connection.setup.timeout.max.ms = 30000
	socket.connection.setup.timeout.ms = 10000
	ssl.cipher.suites = null
	ssl.enabled.protocols = [TLSv1.2, TLSv1.3]
	ssl.endpoint.identification.algorithm = https
	ssl.engine.factory.class = null
	ssl.key.password = null
	ssl.keymanager.algorithm = SunX509
	ssl.keystore.certificate.chain = null
	ssl.keystore.key = null
	ssl.keystore.location = null
	ssl.keystore.password = null
	ssl.keystore.type = JKS
	ssl.protocol = TLSv1.3
	ssl.provider = null
	ssl.secure.random.implementation = null
	ssl.trustmanager.algorithm = PKIX
	ssl.truststore.certificates = null
	ssl.truststore.location = null
	ssl.truststore.password = null
	ssl.truststore.type = JKS
	value.deserializer = class org.apache.kafka.common.serialization.StringDeserializer

2026-05-14T23:36:20.263+03:00  INFO 16084 --- [ingestion-service] [           main] o.a.kafka.common.utils.AppInfoParser     : Kafka version: 3.6.2
2026-05-14T23:36:20.264+03:00  INFO 16084 --- [ingestion-service] [           main] o.a.kafka.common.utils.AppInfoParser     : Kafka commitId: c4deed513057c94e
2026-05-14T23:36:20.264+03:00  INFO 16084 --- [ingestion-service] [           main] o.a.kafka.common.utils.AppInfoParser     : Kafka startTimeMs: 1778790980263
2026-05-14T23:36:20.276+03:00  INFO 16084 --- [ingestion-service] [ntainer#0-2-C-1] org.apache.kafka.clients.Metadata        : [Consumer clientId=consumer-ingestion-it-group-3, groupId=ingestion-it-group] Cluster ID: MkU3OEVBNTcwNTJENDM2Qk
2026-05-14T23:36:20.344+03:00  INFO 16084 --- [ingestion-service] [ntainer#0-0-C-1] o.a.k.c.c.internals.ConsumerCoordinator  : [Consumer clientId=consumer-ingestion-it-group-1, groupId=ingestion-it-group] Discovered group coordinator localhost:19092 (id: 2147483646 rack: null)
2026-05-14T23:36:20.344+03:00  INFO 16084 --- [ingestion-service] [ntainer#0-1-C-1] o.a.k.c.c.internals.ConsumerCoordinator  : [Consumer clientId=consumer-ingestion-it-group-2, groupId=ingestion-it-group] Discovered group coordinator localhost:19092 (id: 2147483646 rack: null)
2026-05-14T23:36:20.344+03:00  INFO 16084 --- [ingestion-service] [ntainer#0-2-C-1] o.a.k.c.c.internals.ConsumerCoordinator  : [Consumer clientId=consumer-ingestion-it-group-3, groupId=ingestion-it-group] Discovered group coordinator localhost:19092 (id: 2147483646 rack: null)
2026-05-14T23:36:20.347+03:00  INFO 16084 --- [ingestion-service] [ntainer#0-1-C-1] o.a.k.c.c.internals.ConsumerCoordinator  : [Consumer clientId=consumer-ingestion-it-group-2, groupId=ingestion-it-group] (Re-)joining group
2026-05-14T23:36:20.347+03:00  INFO 16084 --- [ingestion-service] [ntainer#0-0-C-1] o.a.k.c.c.internals.ConsumerCoordinator  : [Consumer clientId=consumer-ingestion-it-group-1, groupId=ingestion-it-group] (Re-)joining group
2026-05-14T23:36:20.348+03:00  INFO 16084 --- [ingestion-service] [ntainer#0-2-C-1] o.a.k.c.c.internals.ConsumerCoordinator  : [Consumer clientId=consumer-ingestion-it-group-3, groupId=ingestion-it-group] (Re-)joining group
2026-05-14T23:36:20.370+03:00  INFO 16084 --- [ingestion-service] [           main] io.ioteca.ingestion.IngestionServiceIT   : Started IngestionServiceIT in 20.896 seconds (process running for 23.921)
2026-05-14T23:36:20.535+03:00  INFO 16084 --- [ingestion-service] [ntainer#1-0-C-1] org.apache.kafka.clients.Metadata        : [Consumer clientId=consumer-ingestion-it-capture-4, groupId=ingestion-it-capture] Cluster ID: MkU3OEVBNTcwNTJENDM2Qk
2026-05-14T23:36:20.538+03:00  INFO 16084 --- [ingestion-service] [ntainer#1-0-C-1] o.a.k.c.c.internals.ConsumerCoordinator  : [Consumer clientId=consumer-ingestion-it-capture-4, groupId=ingestion-it-capture] Discovered group coordinator localhost:19092 (id: 2147483646 rack: null)
2026-05-14T23:36:20.544+03:00  INFO 16084 --- [ingestion-service] [ntainer#1-0-C-1] o.a.k.c.c.internals.ConsumerCoordinator  : [Consumer clientId=consumer-ingestion-it-capture-4, groupId=ingestion-it-capture] (Re-)joining group
2026-05-14T23:36:20.739+03:00  INFO 16084 --- [ingestion-service] [ntainer#1-0-C-1] o.a.k.c.c.internals.ConsumerCoordinator  : [Consumer clientId=consumer-ingestion-it-capture-4, groupId=ingestion-it-capture] Request joining group due to: need to re-join with the given member-id: consumer-ingestion-it-capture-4-2ce2a5d8-686d-4355-9737-5cb2c5eed7f4
2026-05-14T23:36:20.739+03:00  INFO 16084 --- [ingestion-service] [ntainer#0-2-C-1] o.a.k.c.c.internals.ConsumerCoordinator  : [Consumer clientId=consumer-ingestion-it-group-3, groupId=ingestion-it-group] Request joining group due to: need to re-join with the given member-id: consumer-ingestion-it-group-3-2b9d2417-ea76-4702-974e-963ff927b370
2026-05-14T23:36:20.740+03:00  INFO 16084 --- [ingestion-service] [ntainer#1-0-C-1] o.a.k.c.c.internals.ConsumerCoordinator  : [Consumer clientId=consumer-ingestion-it-capture-4, groupId=ingestion-it-capture] Request joining group due to: rebalance failed due to 'The group member needs to have a valid member id before actually entering a consumer group.' (MemberIdRequiredException)
2026-05-14T23:36:20.741+03:00  INFO 16084 --- [ingestion-service] [ntainer#1-0-C-1] o.a.k.c.c.internals.ConsumerCoordinator  : [Consumer clientId=consumer-ingestion-it-capture-4, groupId=ingestion-it-capture] (Re-)joining group
2026-05-14T23:36:20.740+03:00  INFO 16084 --- [ingestion-service] [ntainer#0-2-C-1] o.a.k.c.c.internals.ConsumerCoordinator  : [Consumer clientId=consumer-ingestion-it-group-3, groupId=ingestion-it-group] Request joining group due to: rebalance failed due to 'The group member needs to have a valid member id before actually entering a consumer group.' (MemberIdRequiredException)
2026-05-14T23:36:20.740+03:00  INFO 16084 --- [ingestion-service] [ntainer#0-1-C-1] o.a.k.c.c.internals.ConsumerCoordinator  : [Consumer clientId=consumer-ingestion-it-group-2, groupId=ingestion-it-group] Request joining group due to: need to re-join with the given member-id: consumer-ingestion-it-group-2-b613ed7a-21c5-4834-bbb8-3b7c8051973d
2026-05-14T23:36:20.742+03:00  INFO 16084 --- [ingestion-service] [ntainer#0-2-C-1] o.a.k.c.c.internals.ConsumerCoordinator  : [Consumer clientId=consumer-ingestion-it-group-3, groupId=ingestion-it-group] (Re-)joining group
2026-05-14T23:36:20.742+03:00  INFO 16084 --- [ingestion-service] [ntainer#0-1-C-1] o.a.k.c.c.internals.ConsumerCoordinator  : [Consumer clientId=consumer-ingestion-it-group-2, groupId=ingestion-it-group] Request joining group due to: rebalance failed due to 'The group member needs to have a valid member id before actually entering a consumer group.' (MemberIdRequiredException)
2026-05-14T23:36:20.743+03:00  INFO 16084 --- [ingestion-service] [ntainer#0-1-C-1] o.a.k.c.c.internals.ConsumerCoordinator  : [Consumer clientId=consumer-ingestion-it-group-2, groupId=ingestion-it-group] (Re-)joining group
2026-05-14T23:36:20.801+03:00  INFO 16084 --- [ingestion-service] [ntainer#0-0-C-1] o.a.k.c.c.internals.ConsumerCoordinator  : [Consumer clientId=consumer-ingestion-it-group-1, groupId=ingestion-it-group] Request joining group due to: need to re-join with the given member-id: consumer-ingestion-it-group-1-908e3fed-c274-4d6a-8423-a6148462bed8
2026-05-14T23:36:20.803+03:00  INFO 16084 --- [ingestion-service] [ntainer#0-0-C-1] o.a.k.c.c.internals.ConsumerCoordinator  : [Consumer clientId=consumer-ingestion-it-group-1, groupId=ingestion-it-group] Request joining group due to: rebalance failed due to 'The group member needs to have a valid member id before actually entering a consumer group.' (MemberIdRequiredException)
2026-05-14T23:36:20.804+03:00  INFO 16084 --- [ingestion-service] [ntainer#0-0-C-1] o.a.k.c.c.internals.ConsumerCoordinator  : [Consumer clientId=consumer-ingestion-it-group-1, groupId=ingestion-it-group] (Re-)joining group
2026-05-14T23:36:23.897+03:00  INFO 16084 --- [ingestion-service] [ntainer#0-1-C-1] o.a.k.c.c.internals.ConsumerCoordinator  : [Consumer clientId=consumer-ingestion-it-group-2, groupId=ingestion-it-group] Successfully joined group with generation Generation{generationId=23, memberId='consumer-ingestion-it-group-2-b613ed7a-21c5-4834-bbb8-3b7c8051973d', protocol='range'}
2026-05-14T23:36:23.897+03:00  INFO 16084 --- [ingestion-service] [ntainer#0-0-C-1] o.a.k.c.c.internals.ConsumerCoordinator  : [Consumer clientId=consumer-ingestion-it-group-1, groupId=ingestion-it-group] Successfully joined group with generation Generation{generationId=23, memberId='consumer-ingestion-it-group-1-908e3fed-c274-4d6a-8423-a6148462bed8', protocol='range'}
2026-05-14T23:36:23.897+03:00  INFO 16084 --- [ingestion-service] [ntainer#0-2-C-1] o.a.k.c.c.internals.ConsumerCoordinator  : [Consumer clientId=consumer-ingestion-it-group-3, groupId=ingestion-it-group] Successfully joined group with generation Generation{generationId=23, memberId='consumer-ingestion-it-group-3-2b9d2417-ea76-4702-974e-963ff927b370', protocol='range'}
2026-05-14T23:36:23.903+03:00  INFO 16084 --- [ingestion-service] [ntainer#1-0-C-1] o.a.k.c.c.internals.ConsumerCoordinator  : [Consumer clientId=consumer-ingestion-it-capture-4, groupId=ingestion-it-capture] Successfully joined group with generation Generation{generationId=3, memberId='consumer-ingestion-it-capture-4-2ce2a5d8-686d-4355-9737-5cb2c5eed7f4', protocol='range'}
2026-05-14T23:36:23.908+03:00  INFO 16084 --- [ingestion-service] [ntainer#1-0-C-1] o.a.k.c.c.internals.ConsumerCoordinator  : [Consumer clientId=consumer-ingestion-it-capture-4, groupId=ingestion-it-capture] Finished assignment for group at generation 3: {consumer-ingestion-it-capture-4-2ce2a5d8-686d-4355-9737-5cb2c5eed7f4=Assignment(partitions=[processed.ingest.af-ke-1-0, processed.ingest.af-ke-1-1, processed.ingest.af-ke-1-2])}
2026-05-14T23:36:23.908+03:00  INFO 16084 --- [ingestion-service] [ntainer#0-1-C-1] o.a.k.c.c.internals.ConsumerCoordinator  : [Consumer clientId=consumer-ingestion-it-group-2, groupId=ingestion-it-group] Finished assignment for group at generation 23: {consumer-ingestion-it-group-2-b613ed7a-21c5-4834-bbb8-3b7c8051973d=Assignment(partitions=[raw.ingest.af-ke-1-1]), consumer-ingestion-it-group-1-908e3fed-c274-4d6a-8423-a6148462bed8=Assignment(partitions=[raw.ingest.af-ke-1-0]), consumer-ingestion-it-group-3-2b9d2417-ea76-4702-974e-963ff927b370=Assignment(partitions=[raw.ingest.af-ke-1-2])}
2026-05-14T23:36:23.991+03:00  INFO 16084 --- [ingestion-service] [ntainer#0-1-C-1] o.a.k.c.c.internals.ConsumerCoordinator  : [Consumer clientId=consumer-ingestion-it-group-2, groupId=ingestion-it-group] Successfully synced group in generation Generation{generationId=23, memberId='consumer-ingestion-it-group-2-b613ed7a-21c5-4834-bbb8-3b7c8051973d', protocol='range'}
2026-05-14T23:36:23.991+03:00  INFO 16084 --- [ingestion-service] [ntainer#0-0-C-1] o.a.k.c.c.internals.ConsumerCoordinator  : [Consumer clientId=consumer-ingestion-it-group-1, groupId=ingestion-it-group] Successfully synced group in generation Generation{generationId=23, memberId='consumer-ingestion-it-group-1-908e3fed-c274-4d6a-8423-a6148462bed8', protocol='range'}
2026-05-14T23:36:23.991+03:00  INFO 16084 --- [ingestion-service] [ntainer#0-2-C-1] o.a.k.c.c.internals.ConsumerCoordinator  : [Consumer clientId=consumer-ingestion-it-group-3, groupId=ingestion-it-group] Successfully synced group in generation Generation{generationId=23, memberId='consumer-ingestion-it-group-3-2b9d2417-ea76-4702-974e-963ff927b370', protocol='range'}
2026-05-14T23:36:23.991+03:00  INFO 16084 --- [ingestion-service] [ntainer#1-0-C-1] o.a.k.c.c.internals.ConsumerCoordinator  : [Consumer clientId=consumer-ingestion-it-capture-4, groupId=ingestion-it-capture] Successfully synced group in generation Generation{generationId=3, memberId='consumer-ingestion-it-capture-4-2ce2a5d8-686d-4355-9737-5cb2c5eed7f4', protocol='range'}
2026-05-14T23:36:23.991+03:00  INFO 16084 --- [ingestion-service] [ntainer#0-1-C-1] o.a.k.c.c.internals.ConsumerCoordinator  : [Consumer clientId=consumer-ingestion-it-group-2, groupId=ingestion-it-group] Notifying assignor about the new Assignment(partitions=[raw.ingest.af-ke-1-1])
2026-05-14T23:36:23.991+03:00  INFO 16084 --- [ingestion-service] [ntainer#0-0-C-1] o.a.k.c.c.internals.ConsumerCoordinator  : [Consumer clientId=consumer-ingestion-it-group-1, groupId=ingestion-it-group] Notifying assignor about the new Assignment(partitions=[raw.ingest.af-ke-1-0])
2026-05-14T23:36:23.991+03:00  INFO 16084 --- [ingestion-service] [ntainer#1-0-C-1] o.a.k.c.c.internals.ConsumerCoordinator  : [Consumer clientId=consumer-ingestion-it-capture-4, groupId=ingestion-it-capture] Notifying assignor about the new Assignment(partitions=[processed.ingest.af-ke-1-0, processed.ingest.af-ke-1-1, processed.ingest.af-ke-1-2])
2026-05-14T23:36:23.991+03:00  INFO 16084 --- [ingestion-service] [ntainer#0-2-C-1] o.a.k.c.c.internals.ConsumerCoordinator  : [Consumer clientId=consumer-ingestion-it-group-3, groupId=ingestion-it-group] Notifying assignor about the new Assignment(partitions=[raw.ingest.af-ke-1-2])
2026-05-14T23:36:23.998+03:00  INFO 16084 --- [ingestion-service] [ntainer#0-2-C-1] o.a.k.c.c.internals.ConsumerCoordinator  : [Consumer clientId=consumer-ingestion-it-group-3, groupId=ingestion-it-group] Adding newly assigned partitions: raw.ingest.af-ke-1-2
2026-05-14T23:36:23.998+03:00  INFO 16084 --- [ingestion-service] [ntainer#0-0-C-1] o.a.k.c.c.internals.ConsumerCoordinator  : [Consumer clientId=consumer-ingestion-it-group-1, groupId=ingestion-it-group] Adding newly assigned partitions: raw.ingest.af-ke-1-0
2026-05-14T23:36:23.999+03:00  INFO 16084 --- [ingestion-service] [ntainer#0-1-C-1] o.a.k.c.c.internals.ConsumerCoordinator  : [Consumer clientId=consumer-ingestion-it-group-2, groupId=ingestion-it-group] Adding newly assigned partitions: raw.ingest.af-ke-1-1
2026-05-14T23:36:23.998+03:00  INFO 16084 --- [ingestion-service] [ntainer#1-0-C-1] o.a.k.c.c.internals.ConsumerCoordinator  : [Consumer clientId=consumer-ingestion-it-capture-4, groupId=ingestion-it-capture] Adding newly assigned partitions: processed.ingest.af-ke-1-0, processed.ingest.af-ke-1-1, processed.ingest.af-ke-1-2
2026-05-14T23:36:24.065+03:00  INFO 16084 --- [ingestion-service] [ntainer#1-0-C-1] o.a.k.c.c.internals.ConsumerCoordinator  : [Consumer clientId=consumer-ingestion-it-capture-4, groupId=ingestion-it-capture] Setting offset for partition processed.ingest.af-ke-1-0 to the committed offset FetchPosition{offset=0, offsetEpoch=Optional.empty, currentLeader=LeaderAndEpoch{leader=Optional[localhost:19092 (id: 1 rack: null)], epoch=0}}
2026-05-14T23:36:24.066+03:00  INFO 16084 --- [ingestion-service] [ntainer#1-0-C-1] o.a.k.c.c.internals.ConsumerCoordinator  : [Consumer clientId=consumer-ingestion-it-capture-4, groupId=ingestion-it-capture] Setting offset for partition processed.ingest.af-ke-1-1 to the committed offset FetchPosition{offset=0, offsetEpoch=Optional.empty, currentLeader=LeaderAndEpoch{leader=Optional[localhost:19092 (id: 1 rack: null)], epoch=0}}
2026-05-14T23:36:24.066+03:00  INFO 16084 --- [ingestion-service] [ntainer#1-0-C-1] o.a.k.c.c.internals.ConsumerCoordinator  : [Consumer clientId=consumer-ingestion-it-capture-4, groupId=ingestion-it-capture] Setting offset for partition processed.ingest.af-ke-1-2 to the committed offset FetchPosition{offset=0, offsetEpoch=Optional.empty, currentLeader=LeaderAndEpoch{leader=Optional[localhost:19092 (id: 1 rack: null)], epoch=0}}
2026-05-14T23:36:24.066+03:00  INFO 16084 --- [ingestion-service] [ntainer#0-1-C-1] o.a.k.c.c.internals.ConsumerCoordinator  : [Consumer clientId=consumer-ingestion-it-group-2, groupId=ingestion-it-group] Setting offset for partition raw.ingest.af-ke-1-1 to the committed offset FetchPosition{offset=17, offsetEpoch=Optional.empty, currentLeader=LeaderAndEpoch{leader=Optional[localhost:19092 (id: 1 rack: null)], epoch=0}}
2026-05-14T23:36:24.066+03:00  INFO 16084 --- [ingestion-service] [ntainer#0-2-C-1] o.a.k.c.c.internals.ConsumerCoordinator  : [Consumer clientId=consumer-ingestion-it-group-3, groupId=ingestion-it-group] Setting offset for partition raw.ingest.af-ke-1-2 to the committed offset FetchPosition{offset=4, offsetEpoch=Optional.empty, currentLeader=LeaderAndEpoch{leader=Optional[localhost:19092 (id: 1 rack: null)], epoch=0}}
2026-05-14T23:36:24.071+03:00  INFO 16084 --- [ingestion-service] [ntainer#0-0-C-1] o.a.k.c.c.internals.ConsumerCoordinator  : [Consumer clientId=consumer-ingestion-it-group-1, groupId=ingestion-it-group] Setting offset for partition raw.ingest.af-ke-1-0 to the committed offset FetchPosition{offset=9, offsetEpoch=Optional.empty, currentLeader=LeaderAndEpoch{leader=Optional[localhost:19092 (id: 1 rack: null)], epoch=0}}
Hibernate: INSERT INTO tsdata.sensor_data
  (time, project_id, device_id, metric, value, value_str, tags, ingested_at)
VALUES
  (?, ?, ?, ?,
   ?, ?, ?, ?)
ON CONFLICT DO NOTHING

Hibernate: INSERT INTO tsdata.sensor_data
  (time, project_id, device_id, metric, value, value_str, tags, ingested_at)
VALUES
  (?, ?, ?, ?,
   ?, ?, ?, ?)
ON CONFLICT DO NOTHING

Hibernate: INSERT INTO tsdata.sensor_data
  (time, project_id, device_id, metric, value, value_str, tags, ingested_at)
VALUES
  (?, ?, ?, ?,
   ?, ?, ?, ?)
ON CONFLICT DO NOTHING

Hibernate: INSERT INTO tsdata.sensor_data
  (time, project_id, device_id, metric, value, value_str, tags, ingested_at)
VALUES
  (?, ?, ?, ?,
   ?, ?, ?, ?)
ON CONFLICT DO NOTHING

Hibernate: INSERT INTO tsdata.sensor_data
  (time, project_id, device_id, metric, value, value_str, tags, ingested_at)
VALUES
  (?, ?, ?, ?,
   ?, ?, ?, ?)
ON CONFLICT DO NOTHING

Hibernate: INSERT INTO tsdata.sensor_data
  (time, project_id, device_id, metric, value, value_str, tags, ingested_at)
VALUES
  (?, ?, ?, ?,
   ?, ?, ?, ?)
ON CONFLICT DO NOTHING

Hibernate: INSERT INTO tsdata.sensor_data
  (time, project_id, device_id, metric, value, value_str, tags, ingested_at)
VALUES
  (?, ?, ?, ?,
   ?, ?, ?, ?)
ON CONFLICT DO NOTHING

Hibernate: INSERT INTO tsdata.sensor_data
  (time, project_id, device_id, metric, value, value_str, tags, ingested_at)
VALUES
  (?, ?, ?, ?,
   ?, ?, ?, ?)
ON CONFLICT DO NOTHING

Hibernate: update platform.devices set last_seen_at=?,updated_at=? where project_id=? and device_id=?
Hibernate: update platform.devices set last_seen_at=?,updated_at=? where project_id=? and device_id=?
Hibernate: update platform.devices set last_seen_at=?,updated_at=? where project_id=? and device_id=?
Hibernate: insert into platform.devices (created_at,device_id,firmware_version,first_seen_at,hardware_type,is_active,last_seen_at,latitude,location_label,longitude,name,project_id,tags,updated_at,id) values (?,?,?,?,?,?,?,?,?,?,?,?,?,?,?)
Hibernate: insert into platform.devices (created_at,device_id,firmware_version,first_seen_at,hardware_type,is_active,last_seen_at,latitude,location_label,longitude,name,project_id,tags,updated_at,id) values (?,?,?,?,?,?,?,?,?,?,?,?,?,?,?)
Hibernate: insert into platform.devices (created_at,device_id,firmware_version,first_seen_at,hardware_type,is_active,last_seen_at,latitude,location_label,longitude,name,project_id,tags,updated_at,id) values (?,?,?,?,?,?,?,?,?,?,?,?,?,?,?)
2026-05-14T23:36:25.691+03:00  INFO 16084 --- [ingestion-service] [ntainer#0-2-C-1] o.a.k.clients.producer.ProducerConfig    : ProducerConfig values: 
	acks = -1
	auto.include.jmx.reporter = true
	batch.size = 16384
	bootstrap.servers = [localhost:19092]
	buffer.memory = 33554432
	client.dns.lookup = use_all_dns_ips
	client.id = producer-1
	compression.type = none
	connections.max.idle.ms = 540000
	delivery.timeout.ms = 120000
	enable.idempotence = true
	interceptor.classes = []
	key.serializer = class org.apache.kafka.common.serialization.StringSerializer
	linger.ms = 0
	max.block.ms = 60000
	max.in.flight.requests.per.connection = 5
	max.request.size = 1048576
	metadata.max.age.ms = 300000
	metadata.max.idle.ms = 300000
	metric.reporters = []
	metrics.num.samples = 2
	metrics.recording.level = INFO
	metrics.sample.window.ms = 30000
	partitioner.adaptive.partitioning.enable = true
	partitioner.availability.timeout.ms = 0
	partitioner.class = null
	partitioner.ignore.keys = false
	receive.buffer.bytes = 32768
	reconnect.backoff.max.ms = 1000
	reconnect.backoff.ms = 50
	request.timeout.ms = 30000
	retries = 3
	retry.backoff.ms = 100
	sasl.client.callback.handler.class = null
	sasl.jaas.config = null
	sasl.kerberos.kinit.cmd = /usr/bin/kinit
	sasl.kerberos.min.time.before.relogin = 60000
	sasl.kerberos.service.name = null
	sasl.kerberos.ticket.renew.jitter = 0.05
	sasl.kerberos.ticket.renew.window.factor = 0.8
	sasl.login.callback.handler.class = null
	sasl.login.class = null
	sasl.login.connect.timeout.ms = null
	sasl.login.read.timeout.ms = null
	sasl.login.refresh.buffer.seconds = 300
	sasl.login.refresh.min.period.seconds = 60
	sasl.login.refresh.window.factor = 0.8
	sasl.login.refresh.window.jitter = 0.05
	sasl.login.retry.backoff.max.ms = 10000
	sasl.login.retry.backoff.ms = 100
	sasl.mechanism = GSSAPI
	sasl.oauthbearer.clock.skew.seconds = 30
	sasl.oauthbearer.expected.audience = null
	sasl.oauthbearer.expected.issuer = null
	sasl.oauthbearer.jwks.endpoint.refresh.ms = 3600000
	sasl.oauthbearer.jwks.endpoint.retry.backoff.max.ms = 10000
	sasl.oauthbearer.jwks.endpoint.retry.backoff.ms = 100
	sasl.oauthbearer.jwks.endpoint.url = null
	sasl.oauthbearer.scope.claim.name = scope
	sasl.oauthbearer.sub.claim.name = sub
	sasl.oauthbearer.token.endpoint.url = null
	security.protocol = PLAINTEXT
	security.providers = null
	send.buffer.bytes = 131072
	socket.connection.setup.timeout.max.ms = 30000
	socket.connection.setup.timeout.ms = 10000
	ssl.cipher.suites = null
	ssl.enabled.protocols = [TLSv1.2, TLSv1.3]
	ssl.endpoint.identification.algorithm = https
	ssl.engine.factory.class = null
	ssl.key.password = null
	ssl.keymanager.algorithm = SunX509
	ssl.keystore.certificate.chain = null
	ssl.keystore.key = null
	ssl.keystore.location = null
	ssl.keystore.password = null
	ssl.keystore.type = JKS
	ssl.protocol = TLSv1.3
	ssl.provider = null
	ssl.secure.random.implementation = null
	ssl.trustmanager.algorithm = PKIX
	ssl.truststore.certificates = null
	ssl.truststore.location = null
	ssl.truststore.password = null
	ssl.truststore.type = JKS
	transaction.timeout.ms = 60000
	transactional.id = null
	value.serializer = class org.apache.kafka.common.serialization.StringSerializer

2026-05-14T23:36:25.753+03:00  INFO 16084 --- [ingestion-service] [ntainer#0-2-C-1] o.a.k.clients.producer.KafkaProducer     : [Producer clientId=producer-1] Instantiated an idempotent producer.
2026-05-14T23:36:25.839+03:00  INFO 16084 --- [ingestion-service] [ntainer#0-2-C-1] o.a.kafka.common.utils.AppInfoParser     : Kafka version: 3.6.2
2026-05-14T23:36:25.839+03:00  INFO 16084 --- [ingestion-service] [ntainer#0-2-C-1] o.a.kafka.common.utils.AppInfoParser     : Kafka commitId: c4deed513057c94e
2026-05-14T23:36:25.840+03:00  INFO 16084 --- [ingestion-service] [ntainer#0-2-C-1] o.a.kafka.common.utils.AppInfoParser     : Kafka startTimeMs: 1778790985839
2026-05-14T23:36:26.034+03:00  INFO 16084 --- [ingestion-service] [ad | producer-1] org.apache.kafka.clients.Metadata        : [Producer clientId=producer-1] Cluster ID: MkU3OEVBNTcwNTJENDM2Qk
2026-05-14T23:36:26.080+03:00  INFO 16084 --- [ingestion-service] [ad | producer-1] o.a.k.c.p.internals.TransactionManager   : [Producer clientId=producer-1] ProducerId set to 11 with epoch 0
Hibernate: INSERT INTO tsdata.sensor_data
  (time, project_id, device_id, metric, value, value_str, tags, ingested_at)
VALUES
  (?, ?, ?, ?,
   ?, ?, ?, ?)
ON CONFLICT DO NOTHING

Hibernate: INSERT INTO tsdata.sensor_data
  (time, project_id, device_id, metric, value, value_str, tags, ingested_at)
VALUES
  (?, ?, ?, ?,
   ?, ?, ?, ?)
ON CONFLICT DO NOTHING

Hibernate: update platform.devices set last_seen_at=?,updated_at=? where project_id=? and device_id=?
Hibernate: insert into platform.devices (created_at,device_id,firmware_version,first_seen_at,hardware_type,is_active,last_seen_at,latitude,location_label,longitude,name,project_id,tags,updated_at,id) values (?,?,?,?,?,?,?,?,?,?,?,?,?,?,?)
Hibernate: INSERT INTO tsdata.sensor_data
  (time, project_id, device_id, metric, value, value_str, tags, ingested_at)
VALUES
  (?, ?, ?, ?,
   ?, ?, ?, ?)
ON CONFLICT DO NOTHING

Hibernate: INSERT INTO tsdata.sensor_data
  (time, project_id, device_id, metric, value, value_str, tags, ingested_at)
VALUES
  (?, ?, ?, ?,
   ?, ?, ?, ?)
ON CONFLICT DO NOTHING

Hibernate: update platform.devices set last_seen_at=?,updated_at=? where project_id=? and device_id=?
Hibernate: insert into platform.devices (created_at,device_id,firmware_version,first_seen_at,hardware_type,is_active,last_seen_at,latitude,location_label,longitude,name,project_id,tags,updated_at,id) values (?,?,?,?,?,?,?,?,?,?,?,?,?,?,?)
Hibernate: INSERT INTO tsdata.sensor_data
  (time, project_id, device_id, metric, value, value_str, tags, ingested_at)
VALUES
  (?, ?, ?, ?,
   ?, ?, ?, ?)
ON CONFLICT DO NOTHING

Hibernate: INSERT INTO tsdata.sensor_data
  (time, project_id, device_id, metric, value, value_str, tags, ingested_at)
VALUES
  (?, ?, ?, ?,
   ?, ?, ?, ?)
ON CONFLICT DO NOTHING

Hibernate: INSERT INTO tsdata.sensor_data
  (time, project_id, device_id, metric, value, value_str, tags, ingested_at)
VALUES
  (?, ?, ?, ?,
   ?, ?, ?, ?)
ON CONFLICT DO NOTHING

Hibernate: select d1_0.id,d1_0.created_at,d1_0.device_id,d1_0.firmware_version,d1_0.first_seen_at,d1_0.hardware_type,d1_0.is_active,d1_0.last_seen_at,d1_0.latitude,d1_0.location_label,d1_0.longitude,d1_0.name,d1_0.project_id,d1_0.tags,d1_0.updated_at from platform.devices d1_0 where d1_0.project_id=? and d1_0.device_id=?
Hibernate: INSERT INTO tsdata.sensor_data
  (time, project_id, device_id, metric, value, value_str, tags, ingested_at)
VALUES
  (?, ?, ?, ?,
   ?, ?, ?, ?)
ON CONFLICT DO NOTHING

Hibernate: update platform.devices set last_seen_at=?,updated_at=? where project_id=? and device_id=?
Hibernate: insert into platform.devices (created_at,device_id,firmware_version,first_seen_at,hardware_type,is_active,last_seen_at,latitude,location_label,longitude,name,project_id,tags,updated_at,id) values (?,?,?,?,?,?,?,?,?,?,?,?,?,?,?)
Hibernate: update platform.devices set last_seen_at=?,updated_at=? where project_id=? and device_id=?
Hibernate: insert into platform.devices (created_at,device_id,firmware_version,first_seen_at,hardware_type,is_active,last_seen_at,latitude,location_label,longitude,name,project_id,tags,updated_at,id) values (?,?,?,?,?,?,?,?,?,?,?,?,?,?,?)
Hibernate: INSERT INTO tsdata.sensor_data
  (time, project_id, device_id, metric, value, value_str, tags, ingested_at)
VALUES
  (?, ?, ?, ?,
   ?, ?, ?, ?)
ON CONFLICT DO NOTHING

Hibernate: update platform.devices set last_seen_at=?,updated_at=? where project_id=? and device_id=?
Hibernate: insert into platform.devices (created_at,device_id,firmware_version,first_seen_at,hardware_type,is_active,last_seen_at,latitude,location_label,longitude,name,project_id,tags,updated_at,id) values (?,?,?,?,?,?,?,?,?,?,?,?,?,?,?)
Hibernate: INSERT INTO tsdata.sensor_data
  (time, project_id, device_id, metric, value, value_str, tags, ingested_at)
VALUES
  (?, ?, ?, ?,
   ?, ?, ?, ?)
ON CONFLICT DO NOTHING

Hibernate: INSERT INTO tsdata.sensor_data
  (time, project_id, device_id, metric, value, value_str, tags, ingested_at)
VALUES
  (?, ?, ?, ?,
   ?, ?, ?, ?)
ON CONFLICT DO NOTHING

Hibernate: update platform.devices set last_seen_at=?,updated_at=? where project_id=? and device_id=?
Hibernate: insert into platform.devices (created_at,device_id,firmware_version,first_seen_at,hardware_type,is_active,last_seen_at,latitude,location_label,longitude,name,project_id,tags,updated_at,id) values (?,?,?,?,?,?,?,?,?,?,?,?,?,?,?)
Hibernate: select d1_0.id,d1_0.created_at,d1_0.device_id,d1_0.firmware_version,d1_0.first_seen_at,d1_0.hardware_type,d1_0.is_active,d1_0.last_seen_at,d1_0.latitude,d1_0.location_label,d1_0.longitude,d1_0.name,d1_0.project_id,d1_0.tags,d1_0.updated_at from platform.devices d1_0 where d1_0.project_id=? and d1_0.device_id=?
Hibernate: INSERT INTO tsdata.sensor_data
  (time, project_id, device_id, metric, value, value_str, tags, ingested_at)
VALUES
  (?, ?, ?, ?,
   ?, ?, ?, ?)
ON CONFLICT DO NOTHING

Hibernate: INSERT INTO tsdata.sensor_data
  (time, project_id, device_id, metric, value, value_str, tags, ingested_at)
VALUES
  (?, ?, ?, ?,
   ?, ?, ?, ?)
ON CONFLICT DO NOTHING

Hibernate: INSERT INTO tsdata.sensor_data
  (time, project_id, device_id, metric, value, value_str, tags, ingested_at)
VALUES
  (?, ?, ?, ?,
   ?, ?, ?, ?)
ON CONFLICT DO NOTHING

Hibernate: INSERT INTO tsdata.sensor_data
  (time, project_id, device_id, metric, value, value_str, tags, ingested_at)
VALUES
  (?, ?, ?, ?,
   ?, ?, ?, ?)
ON CONFLICT DO NOTHING

Hibernate: update platform.devices set last_seen_at=?,updated_at=? where project_id=? and device_id=?
Hibernate: INSERT INTO tsdata.sensor_data
  (time, project_id, device_id, metric, value, value_str, tags, ingested_at)
VALUES
  (?, ?, ?, ?,
   ?, ?, ?, ?)
ON CONFLICT DO NOTHING

Hibernate: insert into platform.devices (created_at,device_id,firmware_version,first_seen_at,hardware_type,is_active,last_seen_at,latitude,location_label,longitude,name,project_id,tags,updated_at,id) values (?,?,?,?,?,?,?,?,?,?,?,?,?,?,?)
Hibernate: update platform.devices set last_seen_at=?,updated_at=? where project_id=? and device_id=?
Hibernate: insert into platform.devices (created_at,device_id,firmware_version,first_seen_at,hardware_type,is_active,last_seen_at,latitude,location_label,longitude,name,project_id,tags,updated_at,id) values (?,?,?,?,?,?,?,?,?,?,?,?,?,?,?)
Hibernate: select d1_0.id,d1_0.created_at,d1_0.device_id,d1_0.firmware_version,d1_0.first_seen_at,d1_0.hardware_type,d1_0.is_active,d1_0.last_seen_at,d1_0.latitude,d1_0.location_label,d1_0.longitude,d1_0.name,d1_0.project_id,d1_0.tags,d1_0.updated_at from platform.devices d1_0 where d1_0.project_id=? and d1_0.device_id=?
Hibernate: INSERT INTO tsdata.sensor_data
  (time, project_id, device_id, metric, value, value_str, tags, ingested_at)
VALUES
  (?, ?, ?, ?,
   ?, ?, ?, ?)
ON CONFLICT DO NOTHING

Hibernate: INSERT INTO tsdata.sensor_data
  (time, project_id, device_id, metric, value, value_str, tags, ingested_at)
VALUES
  (?, ?, ?, ?,
   ?, ?, ?, ?)
ON CONFLICT DO NOTHING

Hibernate: update platform.devices set last_seen_at=?,updated_at=? where project_id=? and device_id=?
Hibernate: insert into platform.devices (created_at,device_id,firmware_version,first_seen_at,hardware_type,is_active,last_seen_at,latitude,location_label,longitude,name,project_id,tags,updated_at,id) values (?,?,?,?,?,?,?,?,?,?,?,?,?,?,?)
Hibernate: update platform.devices set last_seen_at=?,updated_at=? where project_id=? and device_id=?
Hibernate: insert into platform.devices (created_at,device_id,firmware_version,first_seen_at,hardware_type,is_active,last_seen_at,latitude,location_label,longitude,name,project_id,tags,updated_at,id) values (?,?,?,?,?,?,?,?,?,?,?,?,?,?,?)
Hibernate: INSERT INTO tsdata.sensor_data
  (time, project_id, device_id, metric, value, value_str, tags, ingested_at)
VALUES
  (?, ?, ?, ?,
   ?, ?, ?, ?)
ON CONFLICT DO NOTHING

Hibernate: select d1_0.id,d1_0.created_at,d1_0.device_id,d1_0.firmware_version,d1_0.first_seen_at,d1_0.hardware_type,d1_0.is_active,d1_0.last_seen_at,d1_0.latitude,d1_0.location_label,d1_0.longitude,d1_0.name,d1_0.project_id,d1_0.tags,d1_0.updated_at from platform.devices d1_0 where d1_0.project_id=? and d1_0.device_id=?
Hibernate: update platform.devices set last_seen_at=?,updated_at=? where project_id=? and device_id=?
Hibernate: insert into platform.devices (created_at,device_id,firmware_version,first_seen_at,hardware_type,is_active,last_seen_at,latitude,location_label,longitude,name,project_id,tags,updated_at,id) values (?,?,?,?,?,?,?,?,?,?,?,?,?,?,?)
Hibernate: INSERT INTO tsdata.sensor_data
  (time, project_id, device_id, metric, value, value_str, tags, ingested_at)
VALUES
  (?, ?, ?, ?,
   ?, ?, ?, ?)
ON CONFLICT DO NOTHING

Hibernate: INSERT INTO tsdata.sensor_data
  (time, project_id, device_id, metric, value, value_str, tags, ingested_at)
VALUES
  (?, ?, ?, ?,
   ?, ?, ?, ?)
ON CONFLICT DO NOTHING

Hibernate: update platform.devices set last_seen_at=?,updated_at=? where project_id=? and device_id=?
Hibernate: INSERT INTO tsdata.sensor_data
  (time, project_id, device_id, metric, value, value_str, tags, ingested_at)
VALUES
  (?, ?, ?, ?,
   ?, ?, ?, ?)
ON CONFLICT DO NOTHING

Hibernate: update platform.devices set last_seen_at=?,updated_at=? where project_id=? and device_id=?
Hibernate: insert into platform.devices (created_at,device_id,firmware_version,first_seen_at,hardware_type,is_active,last_seen_at,latitude,location_label,longitude,name,project_id,tags,updated_at,id) values (?,?,?,?,?,?,?,?,?,?,?,?,?,?,?)
Hibernate: select d1_0.id,d1_0.created_at,d1_0.device_id,d1_0.firmware_version,d1_0.first_seen_at,d1_0.hardware_type,d1_0.is_active,d1_0.last_seen_at,d1_0.latitude,d1_0.location_label,d1_0.longitude,d1_0.name,d1_0.project_id,d1_0.tags,d1_0.updated_at from platform.devices d1_0
]]></system-out>
  </testcase>
  <testcase name="rawMessage_withoutProjectId_isDropped" classname="io.ioteca.ingestion.IngestionServiceIT" time="5.107">
    <system-out><![CDATA[2026-05-14T23:36:30.576+03:00  WARN 16084 --- [ingestion-service] [ntainer#0-1-C-1] i.i.ingestion.kafka.RawIngestConsumer    : Dropping message — no project_id resolvable. key=not-a-uuid
Hibernate: select d1_0.id,d1_0.created_at,d1_0.device_id,d1_0.firmware_version,d1_0.first_seen_at,d1_0.hardware_type,d1_0.is_active,d1_0.last_seen_at,d1_0.latitude,d1_0.location_label,d1_0.longitude,d1_0.name,d1_0.project_id,d1_0.tags,d1_0.updated_at from platform.devices d1_0
Hibernate: select sd1_0.device_id,sd1_0.metric,sd1_0.project_id,sd1_0.time,sd1_0.ingested_at,sd1_0.tags,sd1_0.value,sd1_0.value_str from tsdata.sensor_data sd1_0
]]></system-out>
  </testcase>
  <testcase name="multipleMetrics_producedAsIndividualRows" classname="io.ioteca.ingestion.IngestionServiceIT" time="0.149">
    <system-out><![CDATA[Hibernate: INSERT INTO tsdata.sensor_data
  (time, project_id, device_id, metric, value, value_str, tags, ingested_at)
VALUES
  (?, ?, ?, ?,
   ?, ?, ?, ?)
ON CONFLICT DO NOTHING

Hibernate: INSERT INTO tsdata.sensor_data
  (time, project_id, device_id, metric, value, value_str, tags, ingested_at)
VALUES
  (?, ?, ?, ?,
   ?, ?, ?, ?)
ON CONFLICT DO NOTHING

Hibernate: INSERT INTO tsdata.sensor_data
  (time, project_id, device_id, metric, value, value_str, tags, ingested_at)
VALUES
  (?, ?, ?, ?,
   ?, ?, ?, ?)
ON CONFLICT DO NOTHING

Hibernate: update platform.devices set last_seen_at=?,updated_at=? where project_id=? and device_id=?
Hibernate: insert into platform.devices (created_at,device_id,firmware_version,first_seen_at,hardware_type,is_active,last_seen_at,latitude,location_label,longitude,name,project_id,tags,updated_at,id) values (?,?,?,?,?,?,?,?,?,?,?,?,?,?,?)
Hibernate: select sd1_0.device_id,sd1_0.metric,sd1_0.project_id,sd1_0.time,sd1_0.ingested_at,sd1_0.tags,sd1_0.value,sd1_0.value_str from tsdata.sensor_data sd1_0
]]></system-out>
  </testcase>
  <testcase name="rawMessage_isProcessed_deviceRegistered_sensorDataWritten" classname="io.ioteca.ingestion.IngestionServiceIT" time="0.291">
    <system-out><![CDATA[Hibernate: INSERT INTO tsdata.sensor_data
  (time, project_id, device_id, metric, value, value_str, tags, ingested_at)
VALUES
  (?, ?, ?, ?,
   ?, ?, ?, ?)
ON CONFLICT DO NOTHING

Hibernate: INSERT INTO tsdata.sensor_data
  (time, project_id, device_id, metric, value, value_str, tags, ingested_at)
VALUES
  (?, ?, ?, ?,
   ?, ?, ?, ?)
ON CONFLICT DO NOTHING

Hibernate: update platform.devices set last_seen_at=?,updated_at=? where project_id=? and device_id=?
Hibernate: insert into platform.devices (created_at,device_id,firmware_version,first_seen_at,hardware_type,is_active,last_seen_at,latitude,location_label,longitude,name,project_id,tags,updated_at,id) values (?,?,?,?,?,?,?,?,?,?,?,?,?,?,?)
Hibernate: select d1_0.id,d1_0.created_at,d1_0.device_id,d1_0.firmware_version,d1_0.first_seen_at,d1_0.hardware_type,d1_0.is_active,d1_0.last_seen_at,d1_0.latitude,d1_0.location_label,d1_0.longitude,d1_0.name,d1_0.project_id,d1_0.tags,d1_0.updated_at from platform.devices d1_0 where d1_0.project_id=? and d1_0.device_id=?
Hibernate: select d1_0.id,d1_0.created_at,d1_0.device_id,d1_0.firmware_version,d1_0.first_seen_at,d1_0.hardware_type,d1_0.is_active,d1_0.last_seen_at,d1_0.latitude,d1_0.location_label,d1_0.longitude,d1_0.name,d1_0.project_id,d1_0.tags,d1_0.updated_at from platform.devices d1_0
Hibernate: select sd1_0.device_id,sd1_0.metric,sd1_0.project_id,sd1_0.time,sd1_0.ingested_at,sd1_0.tags,sd1_0.value,sd1_0.value_str from tsdata.sensor_data sd1_0
]]></system-out>
  </testcase>
</testsuite>