<?xml version="1.0" encoding="UTF-8"?>
<testsuite xmlns:xsi="http://www.w3.org/2001/XMLSchema-instance" xsi:noNamespaceSchemaLocation="https://maven.apache.org/surefire/maven-failsafe-plugin/xsd/failsafe-test-report-3.0.xsd" version="3.0" name="io.ioteca.quota.QuotaServiceIT" time="36.389" tests="4" errors="0" skipped="0" failures="0">
  <properties>
[...]
</properties>
  <testcase name="message_withinLimit_noQuotaEvent" classname="io.ioteca.quota.QuotaServiceIT" time="8.541">
    <system-out><![CDATA[00:07:18.093 [main] INFO org.springframework.boot.test.context.SpringBootTestContextBootstrapper -- Found @SpringBootConfiguration io.ioteca.quota.QuotaServiceApplication for test class io.ioteca.quota.QuotaServiceIT

  .   ____          _            __ _ _
 /\\ / ___'_ __ _ _(_)_ __  __ _ \ \ \ \
( ( )\___ | '_ | '_| | '_ \/ _` | \ \ \ \
 \\/  ___)| |_)| | | | | || (_| |  ) ) ) )
  '  |____| .__|_| |_|_| |_\__, | / / / /
 =========|_|==============|___/=/_/_/_/
 :: Spring Boot ::                (v3.2.5)

2026-05-15T00:07:19.293+03:00  INFO 76092 --- [quota-service] [           main] io.ioteca.quota.QuotaServiceIT           : Starting QuotaServiceIT using Java 23.0.1 with PID 76092 (started by obwat in E:\Work\iot-system\services\quota-service)
2026-05-15T00:07:19.296+03:00  INFO 76092 --- [quota-service] [           main] io.ioteca.quota.QuotaServiceIT           : The following 1 profile is active: "test"
2026-05-15T00:07:21.235+03:00  INFO 76092 --- [quota-service] [           main] .s.d.r.c.RepositoryConfigurationDelegate : Multiple Spring Data modules found, entering strict repository configuration mode
2026-05-15T00:07:21.238+03:00  INFO 76092 --- [quota-service] [           main] .s.d.r.c.RepositoryConfigurationDelegate : Bootstrapping Spring Data JPA repositories in DEFAULT mode.
2026-05-15T00:07:21.510+03:00  INFO 76092 --- [quota-service] [           main] .s.d.r.c.RepositoryConfigurationDelegate : Finished Spring Data repository scanning in 255 ms. Found 2 JPA repository interfaces.
2026-05-15T00:07:21.567+03:00  INFO 76092 --- [quota-service] [           main] .s.d.r.c.RepositoryConfigurationDelegate : Multiple Spring Data modules found, entering strict repository configuration mode
2026-05-15T00:07:21.570+03:00  INFO 76092 --- [quota-service] [           main] .s.d.r.c.RepositoryConfigurationDelegate : Bootstrapping Spring Data Redis repositories in DEFAULT mode.
2026-05-15T00:07:21.602+03:00  INFO 76092 --- [quota-service] [           main] .RepositoryConfigurationExtensionSupport : Spring Data Redis - Could not safely identify store assignment for repository candidate interface io.ioteca.quota.repository.ProjectRepository; If you want this repository to be a Redis repository, consider annotating your entities with one of these annotations: org.springframework.data.redis.core.RedisHash (preferred), or consider extending one of the following types with your repository: org.springframework.data.keyvalue.repository.KeyValueRepository
2026-05-15T00:07:21.602+03:00  INFO 76092 --- [quota-service] [           main] .RepositoryConfigurationExtensionSupport : Spring Data Redis - Could not safely identify store assignment for repository candidate interface io.ioteca.quota.repository.UserSubscriptionRepository; If you want this repository to be a Redis repository, consider annotating your entities with one of these annotations: org.springframework.data.redis.core.RedisHash (preferred), or consider extending one of the following types with your repository: org.springframework.data.keyvalue.repository.KeyValueRepository
2026-05-15T00:07:21.603+03:00  INFO 76092 --- [quota-service] [           main] .s.d.r.c.RepositoryConfigurationDelegate : Finished Spring Data repository scanning in 14 ms. Found 0 Redis repository interfaces.
2026-05-15T00:07:23.089+03:00  INFO 76092 --- [quota-service] [           main] com.zaxxer.hikari.HikariDataSource       : HikariPool-1 - Starting...
2026-05-15T00:07:23.665+03:00  INFO 76092 --- [quota-service] [           main] com.zaxxer.hikari.pool.HikariPool        : HikariPool-1 - Added connection org.postgresql.jdbc.PgConnection@3303e89e
2026-05-15T00:07:23.668+03:00  INFO 76092 --- [quota-service] [           main] com.zaxxer.hikari.HikariDataSource       : HikariPool-1 - Start completed.
2026-05-15T00:07:25.101+03:00  INFO 76092 --- [quota-service] [           main] o.s.o.j.p.SpringPersistenceUnitInfo      : No LoadTimeWeaver setup: ignoring JPA class transformer
2026-05-15T00:07:28.072+03:00  WARN 76092 --- [quota-service] [           main] o.h.engine.jdbc.spi.SqlExceptionHelper   : SQL Warning Code: 0, SQLState: 00000
2026-05-15T00:07:28.073+03:00  WARN 76092 --- [quota-service] [           main] o.h.engine.jdbc.spi.SqlExceptionHelper   : relation "user_subscriptions" does not exist, skipping
2026-05-15T00:07:28.107+03:00  WARN 76092 --- [quota-service] [           main] o.h.engine.jdbc.spi.SqlExceptionHelper   : SQL Warning Code: 0, SQLState: 00000
2026-05-15T00:07:28.107+03:00  WARN 76092 --- [quota-service] [           main] o.h.engine.jdbc.spi.SqlExceptionHelper   : table "projects" does not exist, skipping
2026-05-15T00:07:28.110+03:00  WARN 76092 --- [quota-service] [           main] o.h.engine.jdbc.spi.SqlExceptionHelper   : SQL Warning Code: 0, SQLState: 00000
2026-05-15T00:07:28.111+03:00  WARN 76092 --- [quota-service] [           main] o.h.engine.jdbc.spi.SqlExceptionHelper   : table "subscription_tiers" does not exist, skipping
2026-05-15T00:07:28.123+03:00  WARN 76092 --- [quota-service] [           main] o.h.engine.jdbc.spi.SqlExceptionHelper   : SQL Warning Code: 0, SQLState: 00000
2026-05-15T00:07:28.124+03:00  WARN 76092 --- [quota-service] [           main] o.h.engine.jdbc.spi.SqlExceptionHelper   : table "user_subscriptions" does not exist, skipping
2026-05-15T00:07:28.339+03:00  INFO 76092 --- [quota-service] [           main] j.LocalContainerEntityManagerFactoryBean : Initialized JPA EntityManagerFactory for persistence unit 'default'
2026-05-15T00:07:31.245+03:00  INFO 76092 --- [quota-service] [           main] o.s.d.j.r.query.QueryEnhancerFactory     : Hibernate is in classpath; If applicable, HQL parser will be used.
2026-05-15T00:07:36.283+03:00  INFO 76092 --- [quota-service] [           main] o.a.k.clients.admin.AdminClientConfig    : AdminClientConfig values: 
	auto.include.jmx.reporter = true
	bootstrap.servers = [localhost:19092]
	client.dns.lookup = use_all_dns_ips
	client.id = 
	connections.max.idle.ms = 300000
	default.api.timeout.ms = 60000
	metadata.max.age.ms = 300000
	metric.reporters = []
	metrics.num.samples = 2
	metrics.recording.level = INFO
	metrics.sample.window.ms = 30000
	receive.buffer.bytes = 65536
	reconnect.backoff.max.ms = 1000
	reconnect.backoff.ms = 50
	request.timeout.ms = 30000
	retries = 2147483647
	retry.backoff.ms = 100
	sasl.client.callback.handler.class = null
	sasl.jaas.config = null
	sasl.kerberos.kinit.cmd = /usr/bin/kinit
	sasl.kerberos.min.time.before.relogin = 60000
	sasl.kerberos.service.name = null
	sasl.kerberos.ticket.renew.jitter = 0.05
	sasl.kerberos.ticket.renew.window.factor = 0.8
	sasl.login.callback.handler.class = null
	sasl.login.class = null
	sasl.login.connect.timeout.ms = null
	sasl.login.read.timeout.ms = null
	sasl.login.refresh.buffer.seconds = 300
	sasl.login.refresh.min.period.seconds = 60
	sasl.login.refresh.window.factor = 0.8
	sasl.login.refresh.window.jitter = 0.05
	sasl.login.retry.backoff.max.ms = 10000
	sasl.login.retry.backoff.ms = 100
	sasl.mechanism = GSSAPI
	sasl.oauthbearer.clock.skew.seconds = 30
	sasl.oauthbearer.expected.audience = null
	sasl.oauthbearer.expected.issuer = null
	sasl.oauthbearer.jwks.endpoint.refresh.ms = 3600000
	sasl.oauthbearer.jwks.endpoint.retry.backoff.max.ms = 10000
	sasl.oauthbearer.jwks.endpoint.retry.backoff.ms = 100
	sasl.oauthbearer.jwks.endpoint.url = null
	sasl.oauthbearer.scope.claim.name = scope
	sasl.oauthbearer.sub.claim.name = sub
	sasl.oauthbearer.token.endpoint.url = null
	security.protocol = PLAINTEXT
	security.providers = null
	send.buffer.bytes = 131072
	socket.connection.setup.timeout.max.ms = 30000
	socket.connection.setup.timeout.ms = 10000
	ssl.cipher.suites = null
	ssl.enabled.protocols = [TLSv1.2, TLSv1.3]
	ssl.endpoint.identification.algorithm = https
	ssl.engine.factory.class = null
	ssl.key.password = null
	ssl.keymanager.algorithm = SunX509
	ssl.keystore.certificate.chain = null
	ssl.keystore.key = null
	ssl.keystore.location = null
	ssl.keystore.password = null
	ssl.keystore.type = JKS
	ssl.protocol = TLSv1.3
	ssl.provider = null
	ssl.secure.random.implementation = null
	ssl.trustmanager.algorithm = PKIX
	ssl.truststore.certificates = null
	ssl.truststore.location = null
	ssl.truststore.password = null
	ssl.truststore.type = JKS

2026-05-15T00:07:36.918+03:00  INFO 76092 --- [quota-service] [           main] o.a.kafka.common.utils.AppInfoParser     : Kafka version: 3.6.2
2026-05-15T00:07:36.919+03:00  INFO 76092 --- [quota-service] [           main] o.a.kafka.common.utils.AppInfoParser     : Kafka commitId: c4deed513057c94e
2026-05-15T00:07:36.919+03:00  INFO 76092 --- [quota-service] [           main] o.a.kafka.common.utils.AppInfoParser     : Kafka startTimeMs: 1778792856915
2026-05-15T00:07:38.101+03:00  INFO 76092 --- [quota-service] [| adminclient-1] o.a.kafka.common.utils.AppInfoParser     : App info kafka.admin.client for adminclient-1 unregistered
2026-05-15T00:07:38.114+03:00  INFO 76092 --- [quota-service] [| adminclient-1] o.apache.kafka.common.metrics.Metrics    : Metrics scheduler closed
2026-05-15T00:07:38.115+03:00  INFO 76092 --- [quota-service] [| adminclient-1] o.apache.kafka.common.metrics.Metrics    : Closing reporter org.apache.kafka.common.metrics.JmxReporter
2026-05-15T00:07:38.115+03:00  INFO 76092 --- [quota-service] [| adminclient-1] o.apache.kafka.common.metrics.Metrics    : Metrics reporters closed
2026-05-15T00:07:38.207+03:00  INFO 76092 --- [quota-service] [           main] o.a.k.clients.consumer.ConsumerConfig    : ConsumerConfig values: 
	allow.auto.create.topics = true
	auto.commit.interval.ms = 5000
	auto.include.jmx.reporter = true
	auto.offset.reset = latest
	bootstrap.servers = [localhost:19092]
	check.crcs = true
	client.dns.lookup = use_all_dns_ips
	client.id = consumer-quota-service-group-1
	client.rack = 
	connections.max.idle.ms = 540000
	default.api.timeout.ms = 60000
	enable.auto.commit = false
	exclude.internal.topics = true
	fetch.max.bytes = 52428800
	fetch.max.wait.ms = 500
	fetch.min.bytes = 1
	group.id = quota-service-group
	group.instance.id = null
	heartbeat.interval.ms = 3000
	interceptor.classes = []
	internal.leave.group.on.close = true
	internal.throw.on.fetch.stable.offset.unsupported = false
	isolation.level = read_uncommitted
	key.deserializer = class org.apache.kafka.common.serialization.StringDeserializer
	max.partition.fetch.bytes = 1048576
	max.poll.interval.ms = 300000
	max.poll.records = 500
	metadata.max.age.ms = 300000
	metric.reporters = []
	metrics.num.samples = 2
	metrics.recording.level = INFO
	metrics.sample.window.ms = 30000
	partition.assignment.strategy = [class org.apache.kafka.clients.consumer.RangeAssignor, class org.apache.kafka.clients.consumer.CooperativeStickyAssignor]
	receive.buffer.bytes = 65536
	reconnect.backoff.max.ms = 1000
	reconnect.backoff.ms = 50
	request.timeout.ms = 30000
	retry.backoff.ms = 100
	sasl.client.callback.handler.class = null
	sasl.jaas.config = null
	sasl.kerberos.kinit.cmd = /usr/bin/kinit
	sasl.kerberos.min.time.before.relogin = 60000
	sasl.kerberos.service.name = null
	sasl.kerberos.ticket.renew.jitter = 0.05
	sasl.kerberos.ticket.renew.window.factor = 0.8
	sasl.login.callback.handler.class = null
	sasl.login.class = null
	sasl.login.connect.timeout.ms = null
	sasl.login.read.timeout.ms = null
	sasl.login.refresh.buffer.seconds = 300
	sasl.login.refresh.min.period.seconds = 60
	sasl.login.refresh.window.factor = 0.8
	sasl.login.refresh.window.jitter = 0.05
	sasl.login.retry.backoff.max.ms = 10000
	sasl.login.retry.backoff.ms = 100
	sasl.mechanism = GSSAPI
	sasl.oauthbearer.clock.skew.seconds = 30
	sasl.oauthbearer.expected.audience = null
	sasl.oauthbearer.expected.issuer = null
	sasl.oauthbearer.jwks.endpoint.refresh.ms = 3600000
	sasl.oauthbearer.jwks.endpoint.retry.backoff.max.ms = 10000
	sasl.oauthbearer.jwks.endpoint.retry.backoff.ms = 100
	sasl.oauthbearer.jwks.endpoint.url = null
	sasl.oauthbearer.scope.claim.name = scope
	sasl.oauthbearer.sub.claim.name = sub
	sasl.oauthbearer.token.endpoint.url = null
	security.protocol = PLAINTEXT
	security.providers = null
	send.buffer.bytes = 131072
	session.timeout.ms = 45000
	socket.connection.setup.timeout.max.ms = 30000
	socket.connection.setup.timeout.ms = 10000
	ssl.cipher.suites = null
	ssl.enabled.protocols = [TLSv1.2, TLSv1.3]
	ssl.endpoint.identification.algorithm = https
	ssl.engine.factory.class = null
	ssl.key.password = null
	ssl.keymanager.algorithm = SunX509
	ssl.keystore.certificate.chain = null
	ssl.keystore.key = null
	ssl.keystore.location = null
	ssl.keystore.password = null
	ssl.keystore.type = JKS
	ssl.protocol = TLSv1.3
	ssl.provider = null
	ssl.secure.random.implementation = null
	ssl.trustmanager.algorithm = PKIX
	ssl.truststore.certificates = null
	ssl.truststore.location = null
	ssl.truststore.password = null
	ssl.truststore.type = JKS
	value.deserializer = class org.apache.kafka.common.serialization.StringDeserializer

2026-05-15T00:07:38.333+03:00  INFO 76092 --- [quota-service] [           main] o.a.kafka.common.utils.AppInfoParser     : Kafka version: 3.6.2
2026-05-15T00:07:38.333+03:00  INFO 76092 --- [quota-service] [           main] o.a.kafka.common.utils.AppInfoParser     : Kafka commitId: c4deed513057c94e
2026-05-15T00:07:38.333+03:00  INFO 76092 --- [quota-service] [           main] o.a.kafka.common.utils.AppInfoParser     : Kafka startTimeMs: 1778792858333
2026-05-15T00:07:38.380+03:00  INFO 76092 --- [quota-service] [           main] o.a.k.clients.consumer.ConsumerConfig    : ConsumerConfig values: 
	allow.auto.create.topics = true
	auto.commit.interval.ms = 5000
	auto.include.jmx.reporter = true
	auto.offset.reset = latest
	bootstrap.servers = [localhost:19092]
	check.crcs = true
	client.dns.lookup = use_all_dns_ips
	client.id = consumer-quota-service-group-2
	client.rack = 
	connections.max.idle.ms = 540000
	default.api.timeout.ms = 60000
	enable.auto.commit = false
	exclude.internal.topics = true
	fetch.max.bytes = 52428800
	fetch.max.wait.ms = 500
	fetch.min.bytes = 1
	group.id = quota-service-group
	group.instance.id = null
	heartbeat.interval.ms = 3000
	interceptor.classes = []
	internal.leave.group.on.close = true
	internal.throw.on.fetch.stable.offset.unsupported = false
	isolation.level = read_uncommitted
	key.deserializer = class org.apache.kafka.common.serialization.StringDeserializer
	max.partition.fetch.bytes = 1048576
	max.poll.interval.ms = 300000
	max.poll.records = 500
	metadata.max.age.ms = 300000
	metric.reporters = []
	metrics.num.samples = 2
	metrics.recording.level = INFO
	metrics.sample.window.ms = 30000
	partition.assignment.strategy = [class org.apache.kafka.clients.consumer.RangeAssignor, class org.apache.kafka.clients.consumer.CooperativeStickyAssignor]
	receive.buffer.bytes = 65536
	reconnect.backoff.max.ms = 1000
	reconnect.backoff.ms = 50
	request.timeout.ms = 30000
	retry.backoff.ms = 100
	sasl.client.callback.handler.class = null
	sasl.jaas.config = null
	sasl.kerberos.kinit.cmd = /usr/bin/kinit
	sasl.kerberos.min.time.before.relogin = 60000
	sasl.kerberos.service.name = null
	sasl.kerberos.ticket.renew.jitter = 0.05
	sasl.kerberos.ticket.renew.window.factor = 0.8
	sasl.login.callback.handler.class = null
	sasl.login.class = null
	sasl.login.connect.timeout.ms = null
	sasl.login.read.timeout.ms = null
	sasl.login.refresh.buffer.seconds = 300
	sasl.login.refresh.min.period.seconds = 60
	sasl.login.refresh.window.factor = 0.8
	sasl.login.refresh.window.jitter = 0.05
	sasl.login.retry.backoff.max.ms = 10000
	sasl.login.retry.backoff.ms = 100
	sasl.mechanism = GSSAPI
	sasl.oauthbearer.clock.skew.seconds = 30
	sasl.oauthbearer.expected.audience = null
	sasl.oauthbearer.expected.issuer = null
	sasl.oauthbearer.jwks.endpoint.refresh.ms = 3600000
	sasl.oauthbearer.jwks.endpoint.retry.backoff.max.ms = 10000
	sasl.oauthbearer.jwks.endpoint.retry.backoff.ms = 100
	sasl.oauthbearer.jwks.endpoint.url = null
	sasl.oauthbearer.scope.claim.name = scope
	sasl.oauthbearer.sub.claim.name = sub
	sasl.oauthbearer.token.endpoint.url = null
	security.protocol = PLAINTEXT
	security.providers = null
	send.buffer.bytes = 131072
	session.timeout.ms = 45000
	socket.connection.setup.timeout.max.ms = 30000
	socket.connection.setup.timeout.ms = 10000
	ssl.cipher.suites = null
	ssl.enabled.protocols = [TLSv1.2, TLSv1.3]
	ssl.endpoint.identification.algorithm = https
	ssl.engine.factory.class = null
	ssl.key.password = null
	ssl.keymanager.algorithm = SunX509
	ssl.keystore.certificate.chain = null
	ssl.keystore.key = null
	ssl.keystore.location = null
	ssl.keystore.password = null
	ssl.keystore.type = JKS
	ssl.protocol = TLSv1.3
	ssl.provider = null
	ssl.secure.random.implementation = null
	ssl.trustmanager.algorithm = PKIX
	ssl.truststore.certificates = null
	ssl.truststore.location = null
	ssl.truststore.password = null
	ssl.truststore.type = JKS
	value.deserializer = class org.apache.kafka.common.serialization.StringDeserializer

2026-05-15T00:07:38.405+03:00  INFO 76092 --- [quota-service] [           main] o.a.kafka.common.utils.AppInfoParser     : Kafka version: 3.6.2
2026-05-15T00:07:38.405+03:00  INFO 76092 --- [quota-service] [           main] o.a.kafka.common.utils.AppInfoParser     : Kafka commitId: c4deed513057c94e
2026-05-15T00:07:38.405+03:00  INFO 76092 --- [quota-service] [           main] o.a.kafka.common.utils.AppInfoParser     : Kafka startTimeMs: 1778792858405
2026-05-15T00:07:38.434+03:00  INFO 76092 --- [quota-service] [           main] o.a.k.clients.consumer.ConsumerConfig    : ConsumerConfig values: 
	allow.auto.create.topics = true
	auto.commit.interval.ms = 5000
	auto.include.jmx.reporter = true
	auto.offset.reset = latest
	bootstrap.servers = [localhost:19092]
	check.crcs = true
	client.dns.lookup = use_all_dns_ips
	client.id = consumer-quota-it-capture-3
	client.rack = 
	connections.max.idle.ms = 540000
	default.api.timeout.ms = 60000
	enable.auto.commit = false
	exclude.internal.topics = true
	fetch.max.bytes = 52428800
	fetch.max.wait.ms = 500
	fetch.min.bytes = 1
	group.id = quota-it-capture
	group.instance.id = null
	heartbeat.interval.ms = 3000
	interceptor.classes = []
	internal.leave.group.on.close = true
	internal.throw.on.fetch.stable.offset.unsupported = false
	isolation.level = read_uncommitted
	key.deserializer = class org.apache.kafka.common.serialization.StringDeserializer
	max.partition.fetch.bytes = 1048576
	max.poll.interval.ms = 300000
	max.poll.records = 500
	metadata.max.age.ms = 300000
	metric.reporters = []
	metrics.num.samples = 2
	metrics.recording.level = INFO
	metrics.sample.window.ms = 30000
	partition.assignment.strategy = [class org.apache.kafka.clients.consumer.RangeAssignor, class org.apache.kafka.clients.consumer.CooperativeStickyAssignor]
	receive.buffer.bytes = 65536
	reconnect.backoff.max.ms = 1000
	reconnect.backoff.ms = 50
	request.timeout.ms = 30000
	retry.backoff.ms = 100
	sasl.client.callback.handler.class = null
	sasl.jaas.config = null
	sasl.kerberos.kinit.cmd = /usr/bin/kinit
	sasl.kerberos.min.time.before.relogin = 60000
	sasl.kerberos.service.name = null
	sasl.kerberos.ticket.renew.jitter = 0.05
	sasl.kerberos.ticket.renew.window.factor = 0.8
	sasl.login.callback.handler.class = null
	sasl.login.class = null
	sasl.login.connect.timeout.ms = null
	sasl.login.read.timeout.ms = null
	sasl.login.refresh.buffer.seconds = 300
	sasl.login.refresh.min.period.seconds = 60
	sasl.login.refresh.window.factor = 0.8
	sasl.login.refresh.window.jitter = 0.05
	sasl.login.retry.backoff.max.ms = 10000
	sasl.login.retry.backoff.ms = 100
	sasl.mechanism = GSSAPI
	sasl.oauthbearer.clock.skew.seconds = 30
	sasl.oauthbearer.expected.audience = null
	sasl.oauthbearer.expected.issuer = null
	sasl.oauthbearer.jwks.endpoint.refresh.ms = 3600000
	sasl.oauthbearer.jwks.endpoint.retry.backoff.max.ms = 10000
	sasl.oauthbearer.jwks.endpoint.retry.backoff.ms = 100
	sasl.oauthbearer.jwks.endpoint.url = null
	sasl.oauthbearer.scope.claim.name = scope
	sasl.oauthbearer.sub.claim.name = sub
	sasl.oauthbearer.token.endpoint.url = null
	security.protocol = PLAINTEXT
	security.providers = null
	send.buffer.bytes = 131072
	session.timeout.ms = 45000
	socket.connection.setup.timeout.max.ms = 30000
	socket.connection.setup.timeout.ms = 10000
	ssl.cipher.suites = null
	ssl.enabled.protocols = [TLSv1.2, TLSv1.3]
	ssl.endpoint.identification.algorithm = https
	ssl.engine.factory.class = null
	ssl.key.password = null
	ssl.keymanager.algorithm = SunX509
	ssl.keystore.certificate.chain = null
	ssl.keystore.key = null
	ssl.keystore.location = null
	ssl.keystore.password = null
	ssl.keystore.type = JKS
	ssl.protocol = TLSv1.3
	ssl.provider = null
	ssl.secure.random.implementation = null
	ssl.trustmanager.algorithm = PKIX
	ssl.truststore.certificates = null
	ssl.truststore.location = null
	ssl.truststore.password = null
	ssl.truststore.type = JKS
	value.deserializer = class org.apache.kafka.common.serialization.StringDeserializer

2026-05-15T00:07:38.435+03:00  INFO 76092 --- [quota-service] [ntainer#0-0-C-1] org.apache.kafka.clients.Metadata        : [Consumer clientId=consumer-quota-service-group-1, groupId=quota-service-group] Cluster ID: MkU3OEVBNTcwNTJENDM2Qk
2026-05-15T00:07:38.436+03:00  INFO 76092 --- [quota-service] [ntainer#0-0-C-1] o.a.k.c.c.internals.ConsumerCoordinator  : [Consumer clientId=consumer-quota-service-group-1, groupId=quota-service-group] Discovered group coordinator localhost:19092 (id: 2147483646 rack: null)
2026-05-15T00:07:38.439+03:00  INFO 76092 --- [quota-service] [ntainer#0-0-C-1] o.a.k.c.c.internals.ConsumerCoordinator  : [Consumer clientId=consumer-quota-service-group-1, groupId=quota-service-group] (Re-)joining group
2026-05-15T00:07:38.450+03:00  INFO 76092 --- [quota-service] [           main] o.a.kafka.common.utils.AppInfoParser     : Kafka version: 3.6.2
2026-05-15T00:07:38.453+03:00  INFO 76092 --- [quota-service] [           main] o.a.kafka.common.utils.AppInfoParser     : Kafka commitId: c4deed513057c94e
2026-05-15T00:07:38.454+03:00  INFO 76092 --- [quota-service] [           main] o.a.kafka.common.utils.AppInfoParser     : Kafka startTimeMs: 1778792858450
2026-05-15T00:07:38.485+03:00  INFO 76092 --- [quota-service] [ntainer#0-1-C-1] org.apache.kafka.clients.Metadata        : [Consumer clientId=consumer-quota-service-group-2, groupId=quota-service-group] Cluster ID: MkU3OEVBNTcwNTJENDM2Qk
2026-05-15T00:07:38.488+03:00  INFO 76092 --- [quota-service] [ntainer#0-1-C-1] o.a.k.c.c.internals.ConsumerCoordinator  : [Consumer clientId=consumer-quota-service-group-2, groupId=quota-service-group] Discovered group coordinator localhost:19092 (id: 2147483646 rack: null)
2026-05-15T00:07:38.489+03:00  INFO 76092 --- [quota-service] [ntainer#0-0-C-1] o.a.k.c.c.internals.ConsumerCoordinator  : [Consumer clientId=consumer-quota-service-group-1, groupId=quota-service-group] Request joining group due to: need to re-join with the given member-id: consumer-quota-service-group-1-4d4fa411-7fa2-4c10-ae08-117b76f3276f
2026-05-15T00:07:38.489+03:00  INFO 76092 --- [quota-service] [ntainer#0-1-C-1] o.a.k.c.c.internals.ConsumerCoordinator  : [Consumer clientId=consumer-quota-service-group-2, groupId=quota-service-group] (Re-)joining group
2026-05-15T00:07:38.489+03:00  INFO 76092 --- [quota-service] [ntainer#0-0-C-1] o.a.k.c.c.internals.ConsumerCoordinator  : [Consumer clientId=consumer-quota-service-group-1, groupId=quota-service-group] Request joining group due to: rebalance failed due to 'The group member needs to have a valid member id before actually entering a consumer group.' (MemberIdRequiredException)
2026-05-15T00:07:38.489+03:00  INFO 76092 --- [quota-service] [ntainer#0-0-C-1] o.a.k.c.c.internals.ConsumerCoordinator  : [Consumer clientId=consumer-quota-service-group-1, groupId=quota-service-group] (Re-)joining group
2026-05-15T00:07:38.531+03:00  INFO 76092 --- [quota-service] [ntainer#0-1-C-1] o.a.k.c.c.internals.ConsumerCoordinator  : [Consumer clientId=consumer-quota-service-group-2, groupId=quota-service-group] Request joining group due to: need to re-join with the given member-id: consumer-quota-service-group-2-7b598ccb-9a9b-4e02-b31a-eccb43f9584e
2026-05-15T00:07:38.532+03:00  INFO 76092 --- [quota-service] [           main] io.ioteca.quota.QuotaServiceIT           : Started QuotaServiceIT in 20.178 seconds (process running for 23.309)
2026-05-15T00:07:38.532+03:00  INFO 76092 --- [quota-service] [ntainer#0-1-C-1] o.a.k.c.c.internals.ConsumerCoordinator  : [Consumer clientId=consumer-quota-service-group-2, groupId=quota-service-group] Request joining group due to: rebalance failed due to 'The group member needs to have a valid member id before actually entering a consumer group.' (MemberIdRequiredException)
2026-05-15T00:07:38.533+03:00  INFO 76092 --- [quota-service] [ntainer#0-1-C-1] o.a.k.c.c.internals.ConsumerCoordinator  : [Consumer clientId=consumer-quota-service-group-2, groupId=quota-service-group] (Re-)joining group
2026-05-15T00:07:38.542+03:00  INFO 76092 --- [quota-service] [ntainer#1-0-C-1] org.apache.kafka.clients.Metadata        : [Consumer clientId=consumer-quota-it-capture-3, groupId=quota-it-capture] Cluster ID: MkU3OEVBNTcwNTJENDM2Qk
2026-05-15T00:07:38.545+03:00  INFO 76092 --- [quota-service] [ntainer#1-0-C-1] o.a.k.c.c.internals.ConsumerCoordinator  : [Consumer clientId=consumer-quota-it-capture-3, groupId=quota-it-capture] Discovered group coordinator localhost:19092 (id: 2147483646 rack: null)
2026-05-15T00:07:38.547+03:00  INFO 76092 --- [quota-service] [ntainer#1-0-C-1] o.a.k.c.c.internals.ConsumerCoordinator  : [Consumer clientId=consumer-quota-it-capture-3, groupId=quota-it-capture] (Re-)joining group
2026-05-15T00:07:38.582+03:00  INFO 76092 --- [quota-service] [ntainer#1-0-C-1] o.a.k.c.c.internals.ConsumerCoordinator  : [Consumer clientId=consumer-quota-it-capture-3, groupId=quota-it-capture] Request joining group due to: need to re-join with the given member-id: consumer-quota-it-capture-3-03f793ad-f74a-4bea-b423-5abd8e6690b7
2026-05-15T00:07:38.583+03:00  INFO 76092 --- [quota-service] [ntainer#1-0-C-1] o.a.k.c.c.internals.ConsumerCoordinator  : [Consumer clientId=consumer-quota-it-capture-3, groupId=quota-it-capture] Request joining group due to: rebalance failed due to 'The group member needs to have a valid member id before actually entering a consumer group.' (MemberIdRequiredException)
2026-05-15T00:07:38.583+03:00  INFO 76092 --- [quota-service] [ntainer#1-0-C-1] o.a.k.c.c.internals.ConsumerCoordinator  : [Consumer clientId=consumer-quota-it-capture-3, groupId=quota-it-capture] (Re-)joining group
2026-05-15T00:07:41.602+03:00  INFO 76092 --- [quota-service] [ntainer#1-0-C-1] o.a.k.c.c.internals.ConsumerCoordinator  : [Consumer clientId=consumer-quota-it-capture-3, groupId=quota-it-capture] Successfully joined group with generation Generation{generationId=1, memberId='consumer-quota-it-capture-3-03f793ad-f74a-4bea-b423-5abd8e6690b7', protocol='range'}
2026-05-15T00:07:41.617+03:00  INFO 76092 --- [quota-service] [ntainer#1-0-C-1] o.a.k.c.c.internals.ConsumerCoordinator  : [Consumer clientId=consumer-quota-it-capture-3, groupId=quota-it-capture] Finished assignment for group at generation 1: {consumer-quota-it-capture-3-03f793ad-f74a-4bea-b423-5abd8e6690b7=Assignment(partitions=[quota.events-0, quota.events-1, quota.events-2])}
2026-05-15T00:07:41.627+03:00  INFO 76092 --- [quota-service] [ntainer#1-0-C-1] o.a.k.c.c.internals.ConsumerCoordinator  : [Consumer clientId=consumer-quota-it-capture-3, groupId=quota-it-capture] Successfully synced group in generation Generation{generationId=1, memberId='consumer-quota-it-capture-3-03f793ad-f74a-4bea-b423-5abd8e6690b7', protocol='range'}
2026-05-15T00:07:41.630+03:00  INFO 76092 --- [quota-service] [ntainer#1-0-C-1] o.a.k.c.c.internals.ConsumerCoordinator  : [Consumer clientId=consumer-quota-it-capture-3, groupId=quota-it-capture] Notifying assignor about the new Assignment(partitions=[quota.events-0, quota.events-1, quota.events-2])
2026-05-15T00:07:41.636+03:00  INFO 76092 --- [quota-service] [ntainer#1-0-C-1] o.a.k.c.c.internals.ConsumerCoordinator  : [Consumer clientId=consumer-quota-it-capture-3, groupId=quota-it-capture] Adding newly assigned partitions: quota.events-0, quota.events-1, quota.events-2
2026-05-15T00:07:41.646+03:00  INFO 76092 --- [quota-service] [ntainer#1-0-C-1] o.a.k.c.c.internals.ConsumerCoordinator  : [Consumer clientId=consumer-quota-it-capture-3, groupId=quota-it-capture] Found no committed offset for partition quota.events-0
2026-05-15T00:07:41.647+03:00  INFO 76092 --- [quota-service] [ntainer#1-0-C-1] o.a.k.c.c.internals.ConsumerCoordinator  : [Consumer clientId=consumer-quota-it-capture-3, groupId=quota-it-capture] Found no committed offset for partition quota.events-2
2026-05-15T00:07:41.648+03:00  INFO 76092 --- [quota-service] [ntainer#1-0-C-1] o.a.k.c.c.internals.ConsumerCoordinator  : [Consumer clientId=consumer-quota-it-capture-3, groupId=quota-it-capture] Found no committed offset for partition quota.events-1
2026-05-15T00:07:41.658+03:00  INFO 76092 --- [quota-service] [ntainer#1-0-C-1] o.a.k.c.c.internals.ConsumerCoordinator  : [Consumer clientId=consumer-quota-it-capture-3, groupId=quota-it-capture] Found no committed offset for partition quota.events-0
2026-05-15T00:07:41.658+03:00  INFO 76092 --- [quota-service] [ntainer#1-0-C-1] o.a.k.c.c.internals.ConsumerCoordinator  : [Consumer clientId=consumer-quota-it-capture-3, groupId=quota-it-capture] Found no committed offset for partition quota.events-2
2026-05-15T00:07:41.658+03:00  INFO 76092 --- [quota-service] [ntainer#1-0-C-1] o.a.k.c.c.internals.ConsumerCoordinator  : [Consumer clientId=consumer-quota-it-capture-3, groupId=quota-it-capture] Found no committed offset for partition quota.events-1
2026-05-15T00:07:41.686+03:00  INFO 76092 --- [quota-service] [ntainer#1-0-C-1] o.a.k.c.c.internals.SubscriptionState    : [Consumer clientId=consumer-quota-it-capture-3, groupId=quota-it-capture] Resetting offset for partition quota.events-0 to position FetchPosition{offset=0, offsetEpoch=Optional.empty, currentLeader=LeaderAndEpoch{leader=Optional[localhost:19092 (id: 1 rack: null)], epoch=0}}.
2026-05-15T00:07:41.688+03:00  INFO 76092 --- [quota-service] [ntainer#1-0-C-1] o.a.k.c.c.internals.SubscriptionState    : [Consumer clientId=consumer-quota-it-capture-3, groupId=quota-it-capture] Resetting offset for partition quota.events-2 to position FetchPosition{offset=0, offsetEpoch=Optional.empty, currentLeader=LeaderAndEpoch{leader=Optional[localhost:19092 (id: 1 rack: null)], epoch=0}}.
2026-05-15T00:07:41.688+03:00  INFO 76092 --- [quota-service] [ntainer#1-0-C-1] o.a.k.c.c.internals.SubscriptionState    : [Consumer clientId=consumer-quota-it-capture-3, groupId=quota-it-capture] Resetting offset for partition quota.events-1 to position FetchPosition{offset=0, offsetEpoch=Optional.empty, currentLeader=LeaderAndEpoch{leader=Optional[localhost:19092 (id: 1 rack: null)], epoch=0}}.
2026-05-15T00:07:44.596+03:00  INFO 76092 --- [quota-service] [ntainer#0-0-C-1] o.a.k.c.c.internals.ConsumerCoordinator  : [Consumer clientId=consumer-quota-service-group-1, groupId=quota-service-group] Successfully joined group with generation Generation{generationId=1, memberId='consumer-quota-service-group-1-4d4fa411-7fa2-4c10-ae08-117b76f3276f', protocol='range'}
2026-05-15T00:07:44.598+03:00  INFO 76092 --- [quota-service] [ntainer#0-0-C-1] o.a.k.c.c.internals.ConsumerCoordinator  : [Consumer clientId=consumer-quota-service-group-1, groupId=quota-service-group] Finished assignment for group at generation 1: {consumer-quota-service-group-1-4d4fa411-7fa2-4c10-ae08-117b76f3276f=Assignment(partitions=[raw.ingest.af-ke-1-0, raw.ingest.af-ke-1-1]), consumer-quota-service-group-2-7b598ccb-9a9b-4e02-b31a-eccb43f9584e=Assignment(partitions=[raw.ingest.af-ke-1-2])}
2026-05-15T00:07:44.603+03:00  INFO 76092 --- [quota-service] [ntainer#0-1-C-1] o.a.k.c.c.internals.ConsumerCoordinator  : [Consumer clientId=consumer-quota-service-group-2, groupId=quota-service-group] Successfully joined group with generation Generation{generationId=1, memberId='consumer-quota-service-group-2-7b598ccb-9a9b-4e02-b31a-eccb43f9584e', protocol='range'}
2026-05-15T00:07:44.631+03:00  INFO 76092 --- [quota-service] [ntainer#0-1-C-1] o.a.k.c.c.internals.ConsumerCoordinator  : [Consumer clientId=consumer-quota-service-group-2, groupId=quota-service-group] Successfully synced group in generation Generation{generationId=1, memberId='consumer-quota-service-group-2-7b598ccb-9a9b-4e02-b31a-eccb43f9584e', protocol='range'}
2026-05-15T00:07:44.633+03:00  INFO 76092 --- [quota-service] [ntainer#0-0-C-1] o.a.k.c.c.internals.ConsumerCoordinator  : [Consumer clientId=consumer-quota-service-group-1, groupId=quota-service-group] Successfully synced group in generation Generation{generationId=1, memberId='consumer-quota-service-group-1-4d4fa411-7fa2-4c10-ae08-117b76f3276f', protocol='range'}
2026-05-15T00:07:44.634+03:00  INFO 76092 --- [quota-service] [ntainer#0-1-C-1] o.a.k.c.c.internals.ConsumerCoordinator  : [Consumer clientId=consumer-quota-service-group-2, groupId=quota-service-group] Notifying assignor about the new Assignment(partitions=[raw.ingest.af-ke-1-2])
2026-05-15T00:07:44.635+03:00  INFO 76092 --- [quota-service] [ntainer#0-1-C-1] o.a.k.c.c.internals.ConsumerCoordinator  : [Consumer clientId=consumer-quota-service-group-2, groupId=quota-service-group] Adding newly assigned partitions: raw.ingest.af-ke-1-2
2026-05-15T00:07:44.635+03:00  INFO 76092 --- [quota-service] [ntainer#0-0-C-1] o.a.k.c.c.internals.ConsumerCoordinator  : [Consumer clientId=consumer-quota-service-group-1, groupId=quota-service-group] Notifying assignor about the new Assignment(partitions=[raw.ingest.af-ke-1-0, raw.ingest.af-ke-1-1])
2026-05-15T00:07:44.636+03:00  INFO 76092 --- [quota-service] [ntainer#0-0-C-1] o.a.k.c.c.internals.ConsumerCoordinator  : [Consumer clientId=consumer-quota-service-group-1, groupId=quota-service-group] Adding newly assigned partitions: raw.ingest.af-ke-1-0, raw.ingest.af-ke-1-1
2026-05-15T00:07:44.661+03:00  INFO 76092 --- [quota-service] [ntainer#0-0-C-1] o.a.k.c.c.internals.ConsumerCoordinator  : [Consumer clientId=consumer-quota-service-group-1, groupId=quota-service-group] Found no committed offset for partition raw.ingest.af-ke-1-1
2026-05-15T00:07:44.662+03:00  INFO 76092 --- [quota-service] [ntainer#0-0-C-1] o.a.k.c.c.internals.ConsumerCoordinator  : [Consumer clientId=consumer-quota-service-group-1, groupId=quota-service-group] Found no committed offset for partition raw.ingest.af-ke-1-0
2026-05-15T00:07:44.661+03:00  INFO 76092 --- [quota-service] [ntainer#0-1-C-1] o.a.k.c.c.internals.ConsumerCoordinator  : [Consumer clientId=consumer-quota-service-group-2, groupId=quota-service-group] Found no committed offset for partition raw.ingest.af-ke-1-2
2026-05-15T00:07:44.671+03:00  INFO 76092 --- [quota-service] [ntainer#0-1-C-1] o.a.k.c.c.internals.ConsumerCoordinator  : [Consumer clientId=consumer-quota-service-group-2, groupId=quota-service-group] Found no committed offset for partition raw.ingest.af-ke-1-2
2026-05-15T00:07:44.674+03:00  INFO 76092 --- [quota-service] [ntainer#0-0-C-1] o.a.k.c.c.internals.ConsumerCoordinator  : [Consumer clientId=consumer-quota-service-group-1, groupId=quota-service-group] Found no committed offset for partition raw.ingest.af-ke-1-1
2026-05-15T00:07:44.675+03:00  INFO 76092 --- [quota-service] [ntainer#0-0-C-1] o.a.k.c.c.internals.ConsumerCoordinator  : [Consumer clientId=consumer-quota-service-group-1, groupId=quota-service-group] Found no committed offset for partition raw.ingest.af-ke-1-0
2026-05-15T00:07:44.707+03:00  INFO 76092 --- [quota-service] [ntainer#0-1-C-1] o.a.k.c.c.internals.SubscriptionState    : [Consumer clientId=consumer-quota-service-group-2, groupId=quota-service-group] Resetting offset for partition raw.ingest.af-ke-1-2 to position FetchPosition{offset=11, offsetEpoch=Optional.empty, currentLeader=LeaderAndEpoch{leader=Optional[localhost:19092 (id: 1 rack: null)], epoch=0}}.
2026-05-15T00:07:44.712+03:00  INFO 76092 --- [quota-service] [ntainer#0-0-C-1] o.a.k.c.c.internals.SubscriptionState    : [Consumer clientId=consumer-quota-service-group-1, groupId=quota-service-group] Resetting offset for partition raw.ingest.af-ke-1-1 to position FetchPosition{offset=19, offsetEpoch=Optional.empty, currentLeader=LeaderAndEpoch{leader=Optional[localhost:19092 (id: 1 rack: null)], epoch=0}}.
2026-05-15T00:07:44.712+03:00  INFO 76092 --- [quota-service] [ntainer#0-0-C-1] o.a.k.c.c.internals.SubscriptionState    : [Consumer clientId=consumer-quota-service-group-1, groupId=quota-service-group] Resetting offset for partition raw.ingest.af-ke-1-0 to position FetchPosition{offset=19, offsetEpoch=Optional.empty, currentLeader=LeaderAndEpoch{leader=Optional[localhost:19092 (id: 1 rack: null)], epoch=0}}.
2026-05-15T00:07:48.120+03:00  INFO 76092 --- [quota-service] [           main] o.a.k.clients.producer.ProducerConfig    : ProducerConfig values: 
	acks = -1
	auto.include.jmx.reporter = true
	batch.size = 16384
	bootstrap.servers = [localhost:19092]
	buffer.memory = 33554432
	client.dns.lookup = use_all_dns_ips
	client.id = producer-1
	compression.type = none
	connections.max.idle.ms = 540000
	delivery.timeout.ms = 120000
	enable.idempotence = true
	interceptor.classes = []
	key.serializer = class org.apache.kafka.common.serialization.StringSerializer
	linger.ms = 0
	max.block.ms = 60000
	max.in.flight.requests.per.connection = 5
	max.request.size = 1048576
	metadata.max.age.ms = 300000
	metadata.max.idle.ms = 300000
	metric.reporters = []
	metrics.num.samples = 2
	metrics.recording.level = INFO
	metrics.sample.window.ms = 30000
	partitioner.adaptive.partitioning.enable = true
	partitioner.availability.timeout.ms = 0
	partitioner.class = null
	partitioner.ignore.keys = false
	receive.buffer.bytes = 32768
	reconnect.backoff.max.ms = 1000
	reconnect.backoff.ms = 50
	request.timeout.ms = 30000
	retries = 2147483647
	retry.backoff.ms = 100
	sasl.client.callback.handler.class = null
	sasl.jaas.config = null
	sasl.kerberos.kinit.cmd = /usr/bin/kinit
	sasl.kerberos.min.time.before.relogin = 60000
	sasl.kerberos.service.name = null
	sasl.kerberos.ticket.renew.jitter = 0.05
	sasl.kerberos.ticket.renew.window.factor = 0.8
	sasl.login.callback.handler.class = null
	sasl.login.class = null
	sasl.login.connect.timeout.ms = null
	sasl.login.read.timeout.ms = null
	sasl.login.refresh.buffer.seconds = 300
	sasl.login.refresh.min.period.seconds = 60
	sasl.login.refresh.window.factor = 0.8
	sasl.login.refresh.window.jitter = 0.05
	sasl.login.retry.backoff.max.ms = 10000
	sasl.login.retry.backoff.ms = 100
	sasl.mechanism = GSSAPI
	sasl.oauthbearer.clock.skew.seconds = 30
	sasl.oauthbearer.expected.audience = null
	sasl.oauthbearer.expected.issuer = null
	sasl.oauthbearer.jwks.endpoint.refresh.ms = 3600000
	sasl.oauthbearer.jwks.endpoint.retry.backoff.max.ms = 10000
	sasl.oauthbearer.jwks.endpoint.retry.backoff.ms = 100
	sasl.oauthbearer.jwks.endpoint.url = null
	sasl.oauthbearer.scope.claim.name = scope
	sasl.oauthbearer.sub.claim.name = sub
	sasl.oauthbearer.token.endpoint.url = null
	security.protocol = PLAINTEXT
	security.providers = null
	send.buffer.bytes = 131072
	socket.connection.setup.timeout.max.ms = 30000
	socket.connection.setup.timeout.ms = 10000
	ssl.cipher.suites = null
	ssl.enabled.protocols = [TLSv1.2, TLSv1.3]
	ssl.endpoint.identification.algorithm = https
	ssl.engine.factory.class = null
	ssl.key.password = null
	ssl.keymanager.algorithm = SunX509
	ssl.keystore.certificate.chain = null
	ssl.keystore.key = null
	ssl.keystore.location = null
	ssl.keystore.password = null
	ssl.keystore.type = JKS
	ssl.protocol = TLSv1.3
	ssl.provider = null
	ssl.secure.random.implementation = null
	ssl.trustmanager.algorithm = PKIX
	ssl.truststore.certificates = null
	ssl.truststore.location = null
	ssl.truststore.password = null
	ssl.truststore.type = JKS
	transaction.timeout.ms = 60000
	transactional.id = null
	value.serializer = class org.apache.kafka.common.serialization.StringSerializer

2026-05-15T00:07:48.131+03:00  INFO 76092 --- [quota-service] [           main] o.a.k.clients.producer.KafkaProducer     : [Producer clientId=producer-1] Instantiated an idempotent producer.
2026-05-15T00:07:48.150+03:00  INFO 76092 --- [quota-service] [           main] o.a.kafka.common.utils.AppInfoParser     : Kafka version: 3.6.2
2026-05-15T00:07:48.150+03:00  INFO 76092 --- [quota-service] [           main] o.a.kafka.common.utils.AppInfoParser     : Kafka commitId: c4deed513057c94e
2026-05-15T00:07:48.150+03:00  INFO 76092 --- [quota-service] [           main] o.a.kafka.common.utils.AppInfoParser     : Kafka startTimeMs: 1778792868150
2026-05-15T00:07:48.166+03:00  INFO 76092 --- [quota-service] [ad | producer-1] org.apache.kafka.clients.Metadata        : [Producer clientId=producer-1] Cluster ID: MkU3OEVBNTcwNTJENDM2Qk
2026-05-15T00:07:48.166+03:00  INFO 76092 --- [quota-service] [ad | producer-1] o.a.k.c.p.internals.TransactionManager   : [Producer clientId=producer-1] ProducerId set to 13 with epoch 0
]]></system-out>
  </testcase>
  <testcase name="message_exceedsDailyLimit_quotaEventEmitted" classname="io.ioteca.quota.QuotaServiceIT" time="0.113"/>
  <testcase name="warningThreshold_quotaEventWithWarningStatus" classname="io.ioteca.quota.QuotaServiceIT" time="0.305"/>
  <testcase name="redisCounter_incrementedOnEachMessage" classname="io.ioteca.quota.QuotaServiceIT" time="0.201"/>
</testsuite>