<?xml version="1.0" encoding="UTF-8"?>
<testsuite xmlns:xsi="http://www.w3.org/2001/XMLSchema-instance" xsi:noNamespaceSchemaLocation="https://maven.apache.org/surefire/maven-failsafe-plugin/xsd/failsafe-test-report-3.0.xsd" version="3.0" name="io.ioteca.auth.AuthServiceIT" time="25.341" tests="10" errors="0" skipped="0" failures="0">
  <properties>
[...]
</properties>
  <testcase name="register_returnsCreatedWithTokens" classname="io.ioteca.auth.AuthServiceIT" time="2.317">
    <system-out><![CDATA[19:10:48.543 [main] INFO org.springframework.test.context.support.AnnotationConfigContextLoaderUtils -- Could not detect default configuration classes for test class [io.ioteca.auth.AuthServiceIT]: AuthServiceIT does not declare any static, non-private, non-final, nested classes annotated with @Configuration.
19:10:48.743 [main] INFO org.springframework.boot.test.context.SpringBootTestContextBootstrapper -- Found @SpringBootConfiguration io.ioteca.auth.AuthServiceApplication for test class io.ioteca.auth.AuthServiceIT

  .   ____          _            __ _ _
 /\\ / ___'_ __ _ _(_)_ __  __ _ \ \ \ \
( ( )\___ | '_ | '_| | '_ \/ _` | \ \ \ \
 \\/  ___)| |_)| | | | | || (_| |  ) ) ) )
  '  |____| .__|_| |_|_| |_\__, | / / / /
 =========|_|==============|___/=/_/_/_/
 :: Spring Boot ::                (v3.2.5)

2026-05-14T19:10:49.954+03:00  INFO 12712 --- [auth-service] [           main] io.ioteca.auth.AuthServiceIT             : Starting AuthServiceIT using Java 23.0.1 with PID 12712 (started by obwat in E:\Work\iot-system\services\auth-service)
2026-05-14T19:10:49.956+03:00  INFO 12712 --- [auth-service] [           main] io.ioteca.auth.AuthServiceIT             : The following 1 profile is active: "test"
2026-05-14T19:10:53.593+03:00  INFO 12712 --- [auth-service] [           main] .s.d.r.c.RepositoryConfigurationDelegate : Bootstrapping Spring Data JPA repositories in DEFAULT mode.
2026-05-14T19:10:53.808+03:00  INFO 12712 --- [auth-service] [           main] .s.d.r.c.RepositoryConfigurationDelegate : Finished Spring Data repository scanning in 189 ms. Found 5 JPA repository interfaces.
2026-05-14T19:10:57.292+03:00  INFO 12712 --- [auth-service] [           main] o.s.b.w.embedded.tomcat.TomcatWebServer  : Tomcat initialized with port 0 (http)
2026-05-14T19:10:57.339+03:00  INFO 12712 --- [auth-service] [           main] o.apache.catalina.core.StandardService   : Starting service [Tomcat]
2026-05-14T19:10:57.340+03:00  INFO 12712 --- [auth-service] [           main] o.apache.catalina.core.StandardEngine    : Starting Servlet engine: [Apache Tomcat/10.1.20]
2026-05-14T19:10:57.611+03:00  INFO 12712 --- [auth-service] [           main] o.a.c.c.C.[Tomcat].[localhost].[/]       : Initializing Spring embedded WebApplicationContext
2026-05-14T19:10:57.620+03:00  INFO 12712 --- [auth-service] [           main] w.s.c.ServletWebServerApplicationContext : Root WebApplicationContext: initialization completed in 7621 ms
2026-05-14T19:10:58.978+03:00  INFO 12712 --- [auth-service] [           main] com.zaxxer.hikari.HikariDataSource       : HikariPool-1 - Starting...
2026-05-14T19:10:59.624+03:00  INFO 12712 --- [auth-service] [           main] com.zaxxer.hikari.pool.HikariPool        : HikariPool-1 - Added connection org.postgresql.jdbc.PgConnection@4cd8db31
2026-05-14T19:10:59.630+03:00  INFO 12712 --- [auth-service] [           main] com.zaxxer.hikari.HikariDataSource       : HikariPool-1 - Start completed.
2026-05-14T19:11:00.060+03:00  WARN 12712 --- [auth-service] [           main] o.f.c.internal.database.base.Database    : Flyway upgrade recommended: PostgreSQL 16.13 is newer than this version of Flyway and support has not been tested. The latest supported version of PostgreSQL is 15.
2026-05-14T19:11:00.256+03:00  WARN 12712 --- [auth-service] [           main] o.f.c.internal.database.base.Database    : Flyway upgrade recommended: PostgreSQL 16.13 is newer than this version of Flyway and support has not been tested. The latest supported version of PostgreSQL is 15.
2026-05-14T19:11:01.680+03:00  INFO 12712 --- [auth-service] [           main] o.s.o.j.p.SpringPersistenceUnitInfo      : No LoadTimeWeaver setup: ignoring JPA class transformer
2026-05-14T19:11:04.241+03:00  INFO 12712 --- [auth-service] [           main] j.LocalContainerEntityManagerFactoryBean : Initialized JPA EntityManagerFactory for persistence unit 'default'
2026-05-14T19:11:07.467+03:00  INFO 12712 --- [auth-service] [           main] o.s.b.a.e.web.EndpointLinksResolver      : Exposing 2 endpoint(s) beneath base path '/actuator'
2026-05-14T19:11:09.896+03:00  INFO 12712 --- [auth-service] [           main] o.s.b.w.embedded.tomcat.TomcatWebServer  : Tomcat started on port 63244 (http) with context path ''
2026-05-14T19:11:09.963+03:00  INFO 12712 --- [auth-service] [           main] io.ioteca.auth.AuthServiceIT             : Started AuthServiceIT in 20.888 seconds (process running for 23.446)
2026-05-14T19:11:11.634+03:00  INFO 12712 --- [auth-service] [o-auto-1-exec-1] o.a.c.c.C.[Tomcat].[localhost].[/]       : Initializing Spring DispatcherServlet 'dispatcherServlet'
2026-05-14T19:11:11.634+03:00  INFO 12712 --- [auth-service] [o-auto-1-exec-1] o.s.web.servlet.DispatcherServlet        : Initializing Servlet 'dispatcherServlet'
2026-05-14T19:11:11.638+03:00  INFO 12712 --- [auth-service] [o-auto-1-exec-1] o.s.web.servlet.DispatcherServlet        : Completed initialization in 3 ms
]]></system-out>
  </testcase>
  <testcase name="register_duplicateEmail_returns400" classname="io.ioteca.auth.AuthServiceIT" time="0.068"/>
  <testcase name="login_validCredentials_returnsTokens" classname="io.ioteca.auth.AuthServiceIT" time="0.18"/>
  <testcase name="login_wrongPassword_returns401" classname="io.ioteca.auth.AuthServiceIT" time="0.142"/>
  <testcase name="login_unknownEmail_returns401" classname="io.ioteca.auth.AuthServiceIT" time="0.032"/>
  <testcase name="getMe_withoutToken_returns401" classname="io.ioteca.auth.AuthServiceIT" time="0.042"/>
  <testcase name="getMe_withValidToken_returnsUserInfo" classname="io.ioteca.auth.AuthServiceIT" time="0.149"/>
  <testcase name="refresh_validToken_returnsNewAccessToken" classname="io.ioteca.auth.AuthServiceIT" time="0.039"/>
  <testcase name="refresh_accessTokenInsteadOfRefresh_returns4xx" classname="io.ioteca.auth.AuthServiceIT" time="0.027"/>
  <testcase name="actuatorHealth_returns200" classname="io.ioteca.auth.AuthServiceIT" time="0.096"/>
</testsuite>